#
# A fatal error has been detected by the Java Runtime Environment:
#
#  SIGILL (0x4) at pc=0x00007fff9186b28e, pid=11534, tid=2059
#
# JRE version: Java(TM) SE Runtime Environment (8.0_60-b27) (build 1.8.0_60-b27)
# Java VM: Java HotSpot(TM) 64-Bit Server VM (25.60-b23 mixed mode bsd-amd64 compressed oops)
# Problematic frame:
# C  [AppKit+0x3a528e]  -[NSApplication _crashOnException:]+0x6d
#
# Failed to write core dump. Core dumps have been disabled. To enable core dumping, try "ulimit -c unlimited" before starting Java again
#
# If you would like to submit a bug report, please visit:
#   http://bugreport.java.com/bugreport/crash.jsp
# The crash happened outside the Java Virtual Machine in native code.
# See problematic frame for where to report the bug.
#

---------------  T H R E A D  ---------------

Current thread (0x00007fee668ab800):  JavaThread "AppKit Thread" daemon [_thread_in_native, id=2059, stack(0x00007fff5476f000,0x00007fff54f6f000)]

siginfo: si_signo: 4 (SIGILL), si_code: 1 (ILL_ILLOPC), si_addr: 0x00007fff9186b28e

Registers:
RAX=0x00007fee66982c00, RBX=0x00007fee6b46f400, RCX=0x0000000000000001, RDX=0x0000000000000000
RSP=0x00007fff54f68190, RBP=0x00007fff54f681a0, RSI=0x000000000000250d, RDI=0x00007fee6b469650
R8 =0x0000000008000100, R9 =0x0000000000000000, R10=0x00007fffae0b2fb8, R11=0x00000000000229ff
R12=0x0000000000000050, R13=0x00007fff92043ff5, R14=0x00007fffa7fbcb40, R15=0x00007fffae0b3f80
RIP=0x00007fff9186b28e, EFLAGS=0x0000000000010206, ERR=0x0000000000000000
  TRAPNO=0x0000000000000006

Top of Stack: (sp=0x00007fff54f68190)
0x00007fff54f68190:   00007fee657bac30 00007fff920439f2
0x00007fff54f681a0:   00007fff54f682d0 00007fff9193b5ad
0x00007fff54f681b0:   00007fee67105310 00007fff92043df1
0x00007fff54f681c0:   00007fee6572c960 00007fee6b40cb20
0x00007fff54f681d0:   00007fee6b46f400 00007fee6b42ac30
0x00007fff54f681e0:   ffffffffffffffff 00007fff54f68220
0x00007fff54f681f0:   00007fff54f681f8 0000000000000050
0x00007fff54f68200:   0000000000000000 0000000000000000
0x00007fff54f68210:   0000000000000000 0000000000000000
0x00007fff54f68220:   00007fee6b4a8c90 00007fee6b4a8d00
0x00007fff54f68230:   00007fee6b4a8d80 00007fee6b4a8e00
0x00007fff54f68240:   00007fee6b4a8e70 00007fee6b4b0510
0x00007fff54f68250:   00007fee6b4b0580 00007fee6b4b05f0
0x00007fff54f68260:   00007fee6b4b0680 00007fee6b4b06f0
0x00007fff54f68270:   00007fee6b4b0760 00007fee6b4526c0
0x00007fff54f68280:   00007fee6b4a8ef0 00007fee6b482250
0x00007fff54f68290:   00007fee6b4c9590 00007fee6b452730
0x00007fff54f682a0:   01a5ce1bde3200cc 00007fff54f682d0
0x00007fff54f682b0:   00007fee6b46d910 00007fff54f682e0
0x00007fff54f682c0:   00007fee6b46f400 00007fee6572c960
0x00007fff54f682d0:   00007fff54f68320 00007fff9186b1fc
0x00007fff54f682e0:   6300000000040000 00007fff54f682e0
0x00007fff54f682f0:   01a5ce1bde3200cc 00007fff54f68330
0x00007fff54f68300:   00007fff54f68330 0000000000000000
0x00007fff54f68310:   00007fff54f68320 00007fee6b46f400
0x00007fff54f68320:   00007fff54f68350 00007fff91933dd3
0x00007fff54f68330:   00007fff54f686e0 0000000000000000
0x00007fff54f68340:   0000000000000001 00007fee657435e0
0x00007fff54f68350:   00007fff54f68660 00007fff92defe9d
0x00007fff54f68360:   00007fee657435e0 00007fff92defaea
0x00007fff54f68370:   00007fff54f683b0 00007fee6b46d638
0x00007fff54f68380:   0000000000000000 0000000000000003 

Instructions: (pc=0x00007fff9186b28e)
0x00007fff9186b26e:   48 89 c7 ff 15 f9 ed fd 1b 48 8b 35 b2 ab 26 1c
0x00007fff9186b27e:   48 89 c7 ff 15 e9 ed fd 1b 48 89 05 9a 01 2d 1c
0x00007fff9186b28e:   0f 0b 48 89 c7 e8 7c 5c 72 00 31 ff 31 f6 31 c0
0x00007fff9186b29e:   e8 e3 c3 e2 ff e8 90 5c 72 00 48 89 c3 e8 7c 5c 

Register to memory mapping:

RAX=0x00007fee66982c00 is an unknown value
RBX=0x00007fee6b46f400 is an unknown value
RCX=0x0000000000000001 is an unknown value
RDX=0x0000000000000000 is an unknown value
RSP=0x00007fff54f68190 is pointing into the stack for thread: 0x00007fee668ab800
RBP=0x00007fff54f681a0 is pointing into the stack for thread: 0x00007fee668ab800
RSI=0x000000000000250d is an unknown value
RDI=0x00007fee6b469650 is an unknown value
R8 =0x0000000008000100 is an unknown value
R9 =0x0000000000000000 is an unknown value
R10=0x00007fffae0b2fb8: OBJC_CLASS_$___NSCFString+0 in /System/Library/Frameworks/CoreFoundation.framework/Versions/A/CoreFoundation at 0x00007fff937ef000
R11=0x00000000000229ff is an unknown value
R12=0x0000000000000050 is an unknown value
R13=0x00007fff92043ff5: __NSStyleNameIndexTable+0x6d308 in /System/Library/Frameworks/AppKit.framework/Versions/C/AppKit at 0x00007fff914c6000
R14=0x00007fffa7fbcb40: objc_msgSend+0 in /usr/lib/libobjc.A.dylib at 0x00007fffa7fb6000
R15=0x00007fffae0b3f80: OBJC_CLASS_$_NSDictionary+0 in /System/Library/Frameworks/CoreFoundation.framework/Versions/A/CoreFoundation at 0x00007fff937ef000


Stack: [0x00007fff5476f000,0x00007fff54f6f000],  sp=0x00007fff54f68190,  free space=8164k
Native frames: (J=compiled Java code, j=interpreted, Vv=VM code, C=native code)
C  [AppKit+0x3a528e]  -[NSApplication _crashOnException:]+0x6d
C  [AppKit+0x4755ad]  -[NSApplication _showException:]+0x2e8
C  [AppKit+0x3a51fc]  -[NSApplication reportException:]+0x167
C  [AppKit+0x46ddd3]  uncaughtErrorProc+0x9e
C  [HIToolbox+0x8e9d]  DispatchEventToHandlers(EventTargetRec*, OpaqueEventRef*, HandlerCallRec*)+0x474
C  [HIToolbox+0x8346]  SendEventToEventTargetInternal(OpaqueEventRef*, OpaqueEventTargetRef*, HandlerCallRec*)+0x1ac
C  [HIToolbox+0x818f]  SendEventToEventTargetWithOptions+0x2b
C  [HIToolbox+0x5ef86]  SendTSMEvent_WithCompletionHandler+0x198
C  [HIToolbox+0x212378]  __SendTextInputEvent_WithCompletionHandler_block_invoke+0x248
C  [HIToolbox+0x210689]  SendTextInputEvent_WithCompletionHandler+0x482
C  [HIToolbox+0x281829]  -[IMKInputSession _postEvent:completionHandler:]+0xb0
C  [HIToolbox+0x291485]  -[IMKInputSession _copyUniCharsForRange:intoBuffer:ofLength:completionHandler:]+0x212
C  [HIToolbox+0x291c0e]  -[IMKInputSession _coreAttributesFromRange:whichAttributes:completionHandler:]+0x119
C  [HIToolbox+0x293bb0]  -[IMKInputSession attributedSubstringFromRange:completionHandler:]+0xba
C  [HIToolbox+0x2843ab]  __61-[IMKInputSession imkxpc_attributedSubstringFromRange:reply:]_block_invoke+0x212
C  [CoreFoundation+0xa73ac]  __CFRUNLOOP_IS_CALLING_OUT_TO_A_BLOCK__+0xc
C  [CoreFoundation+0x88424]  __CFRunLoopDoBlocks+0x164
C  [CoreFoundation+0x87f66]  __CFRunLoopRun+0x756
C  [CoreFoundation+0x875b4]  CFRunLoopRunSpecific+0x1a4
C  [HIToolbox+0x26b63e]  -[IMKInputSessionXPCInvocation invocationAwaitXPCReply]+0x25e
C  [HIToolbox+0x272b6a]  __49-[IMKInputSession handleEvent:completionHandler:]_block_invoke_2.479+0x6b8
C  [HIToolbox+0x271f88]  __49-[IMKInputSession handleEvent:completionHandler:]_block_invoke_2.438+0x236
C  [HIToolbox+0x256314]  -[IMKClient switchedInputMode:completionHandler:]+0x195
C  [HIToolbox+0x270e32]  -[IMKInputSession tryHandleEventSwitchedInputMode:eventWasHandled:continuationHandler:]+0x7a
C  [HIToolbox+0x271d2c]  __49-[IMKInputSession handleEvent:completionHandler:]_block_invoke.437+0xaa
C  [HIToolbox+0x271b6b]  __49-[IMKInputSession handleEvent:completionHandler:]_block_invoke+0x105
C  [HIToolbox+0x27dd3f]  -[IMKInputSession _eventIsOn:completionHandler:]+0x72e
C  [HIToolbox+0x2713e1]  -[IMKInputSession handleEvent:completionHandler:]+0x37a
C  [HIToolbox+0x221f10]  IMKInputSessionProcessEventRefWithCompletionHandler+0x78
C  [HIToolbox+0x2212c2]  InputMethodInstanceProcessEventRef_WithCompletionHandler+0x81
C  [HIToolbox+0x20fa1a]  __TSMEventToInputMethod_WithCompletionHandler_block_invoke+0x7c
C  [HIToolbox+0x2138a0]  __SendTSMDocumentLockEvent_WithCompletionHandler_block_invoke+0x5f
C  [HIToolbox+0x61f92]  invocation function for block in DispatchEventToHandlers(EventTargetRec*, OpaqueEventRef*, HandlerCallRec*)+0x6c
C  [AppKit+0x1dda4d]  -[NSTextInputContext handleTSMEvent:completionHandler:]+0xce2
C  [AppKit+0x1dccfd]  _NSTSMEventHandler+0x13f
C  [HIToolbox+0x90d5]  DispatchEventToHandlers(EventTargetRec*, OpaqueEventRef*, HandlerCallRec*)+0x6ac
C  [HIToolbox+0x8346]  SendEventToEventTargetInternal(OpaqueEventRef*, OpaqueEventTargetRef*, HandlerCallRec*)+0x1ac
C  [HIToolbox+0x818f]  SendEventToEventTargetWithOptions+0x2b
C  [HIToolbox+0x5ef86]  SendTSMEvent_WithCompletionHandler+0x198
C  [HIToolbox+0x20f951]  TrySendLockEvent_BeforeEventToInputMethod_WithContinuationHandler+0x15f
C  [HIToolbox+0x20f78e]  TSMEventToInputMethod_WithCompletionHandler+0x94
C  [HIToolbox+0x20f6da]  TSMEventToKeyboardInputMethod_WithCompletionHandler+0x7f
C  [HIToolbox+0x5e474]  TSMKeyEvent_WithCompletionHandler+0x248
C  [HIToolbox+0x5e1f3]  __TSMProcessRawKeyEventWithOptionsAndCompletionHandler_block_invoke_4+0xfb
C  [HIToolbox+0x5e020]  __TSMProcessRawKeyEventWithOptionsAndCompletionHandler_block_invoke_3+0x119
C  [HIToolbox+0x5dd36]  __TSMProcessRawKeyEventWithOptionsAndCompletionHandler_block_invoke_2+0x134
C  [HIToolbox+0x5da6d]  __TSMProcessRawKeyEventWithOptionsAndCompletionHandler_block_invoke+0x12c
C  [HIToolbox+0x5cfdd]  TSMProcessRawKeyEventWithOptionsAndCompletionHandler+0xe14
C  [AppKit+0x97df16]  __61-[NSTextInputContext _handleEvent:options:completionHandler:]_block_invoke.885+0x74
C  [AppKit+0x97d9c5]  __204-[NSTextInputContext tryTSMProcessRawKeyEvent_orSubstitution:dispatchCondition:setupForDispatch:furtherCondition:doubleSpaceSubstitutionCondition:doubleSpaceSubstitutionWork:dispatchTSMWork:continuation:]_block_invoke.817+0x79
C  [AppKit+0x97d82f]  -[NSTextInputContext tryTSMProcessRawKeyEvent_orSubstitution:dispatchCondition:setupForDispatch:furtherCondition:doubleSpaceSubstitutionCondition:doubleSpaceSubstitutionWork:dispatchTSMWork:continuation:]+0x11d
C  [AppKit+0x1db5fb]  -[NSTextInputContext _handleEvent:options:completionHandler:]+0x512
C  [AppKit+0x1db0ae]  -[NSTextInputContext handleEvent:]+0x6d
C  [AppKit+0x1dafb2]  -[NSView interpretKeyEvents:]+0xe8
C  [libawt_lwawt.dylib+0x4b99]  -[AWTView keyDown:]+0x55
C  [AppKit+0x8b67ec]  -[NSWindow(NSEventRouting) _reallySendEvent:isDelayedEvent:]+0xff6
C  [AppKit+0x8b542a]  -[NSWindow(NSEventRouting) sendEvent:]+0x21d
C  [libawt_lwawt.dylib+0x8a6b]  -[AWTWindow_Normal sendEvent:]+0x56
C  [AppKit+0x756a1c]  -[NSApplication(NSEvent) sendEvent:]+0x12a0
C  [libosxapp.dylib+0x232c]  -[NSApplicationAWT sendEvent:]+0x17a
C  [AppKit+0x3c009]  -[NSApplication run]+0x3ea
C  [libosxapp.dylib+0x214d]  +[NSApplicationAWT runAWTLoopWithApp:]+0x9c
C  [libawt_lwawt.dylib+0x44517]  -[AWTStarter starter:]+0x389
C  [Foundation+0x71f2a]  __NSThreadPerformPerform+0x146
C  [CoreFoundation+0xa7551]  __CFRUNLOOP_IS_CALLING_OUT_TO_A_SOURCE0_PERFORM_FUNCTION__+0x11
C  [CoreFoundation+0x886bd]  __CFRunLoopDoSources0+0x22d
C  [CoreFoundation+0x87bb6]  __CFRunLoopRun+0x3a6
C  [CoreFoundation+0x875b4]  CFRunLoopRunSpecific+0x1a4
C  [java+0x6463]  CreateExecutionEnvironment+0x367
C  [java+0x21ac]  JLI_Launch+0x7a0
C  [java+0x84c0]  main+0x65
C  [java+0x1a04]  start+0x34
C  0x0000000000000005


---------------  P R O C E S S  ---------------

Java Threads: ( => current thread )
  0x00007fee66d1a800 JavaThread "TimerQueue" daemon [_thread_blocked, id=74883, stack(0x0000700003e76000,0x0000700003f76000)]
  0x00007fee66806800 JavaThread "DestroyJavaVM" [_thread_blocked, id=7171, stack(0x0000700002196000,0x0000700002296000)]
  0x00007fee65a54800 JavaThread "AWT-EventQueue-0" [_thread_in_native, id=72219, stack(0x0000700003cf0000,0x0000700003df0000)]
  0x00007fee6628c000 JavaThread "Java2D Disposer" daemon [_thread_blocked, id=68111, stack(0x0000700003b6a000,0x0000700003c6a000)]
  0x00007fee67a5a000 JavaThread "Java2D Queue Flusher" daemon [_thread_blocked, id=65543, stack(0x0000700003a67000,0x0000700003b67000)]
  0x00007fee661bc800 JavaThread "Keep-Alive-Timer" daemon [_thread_blocked, id=64035, stack(0x0000700003964000,0x0000700003a64000)]
  0x00007fee658f7000 JavaThread "AWT-Shutdown" [_thread_blocked, id=32287, stack(0x0000700003552000,0x0000700003652000)]
=>0x00007fee668ab800 JavaThread "AppKit Thread" daemon [_thread_in_native, id=2059, stack(0x00007fff5476f000,0x00007fff54f6f000)]
  0x00007fee6683a800 JavaThread "Service Thread" daemon [_thread_blocked, id=21251, stack(0x00007000032c9000,0x00007000033c9000)]
  0x00007fee6780e000 JavaThread "C1 CompilerThread3" daemon [_thread_blocked, id=20739, stack(0x00007000031c6000,0x00007000032c6000)]
  0x00007fee6780a800 JavaThread "C2 CompilerThread2" daemon [_thread_blocked, id=20227, stack(0x00007000030c3000,0x00007000031c3000)]
  0x00007fee6683d800 JavaThread "C2 CompilerThread1" daemon [_thread_blocked, id=19715, stack(0x0000700002fc0000,0x00007000030c0000)]
  0x00007fee6683b800 JavaThread "C2 CompilerThread0" daemon [_thread_blocked, id=19203, stack(0x0000700002ebd000,0x0000700002fbd000)]
  0x00007fee66839800 JavaThread "Signal Dispatcher" daemon [_thread_blocked, id=18691, stack(0x0000700002dba000,0x0000700002eba000)]
  0x00007fee65839800 JavaThread "Finalizer" daemon [_thread_blocked, id=14595, stack(0x0000700002cb7000,0x0000700002db7000)]
  0x00007fee65839000 JavaThread "Reference Handler" daemon [_thread_blocked, id=14083, stack(0x0000700002bb4000,0x0000700002cb4000)]

Other Threads:
  0x00007fee65836800 VMThread [stack: 0x0000700002ab1000,0x0000700002bb1000] [id=13571]
  0x00007fee6780b800 WatcherThread [stack: 0x00007000033cc000,0x00007000034cc000] [id=21763]

VM state:not at safepoint (normal execution)

VM Mutex/Monitor currently owned by a thread: None

Heap:
 PSYoungGen      total 76288K, used 35416K [0x000000076ab00000, 0x0000000770000000, 0x00000007c0000000)
  eden space 65536K, 54% used [0x000000076ab00000,0x000000076cd96068,0x000000076eb00000)
  from space 10752K, 0% used [0x000000076f580000,0x000000076f580000,0x0000000770000000)
  to   space 10752K, 0% used [0x000000076eb00000,0x000000076eb00000,0x000000076f580000)
 ParOldGen       total 175104K, used 0K [0x00000006c0000000, 0x00000006cab00000, 0x000000076ab00000)
  object space 175104K, 0% used [0x00000006c0000000,0x00000006c0000000,0x00000006cab00000)
 Metaspace       used 16202K, capacity 16476K, committed 16768K, reserved 1064960K
  class space    used 1958K, capacity 2049K, committed 2176K, reserved 1048576K

Card table byte_map: [0x000000010d1c0000,0x000000010d9c1000] byte_map_base: 0x0000000109bc0000

Marking Bits: (ParMarkBitMap*) 0x000000010b602e20
 Begin Bits: [0x0000000121670000, 0x0000000125670000)
 End Bits:   [0x0000000125670000, 0x0000000129670000)

Polling page: 0x000000010bcf0000

CodeCache: size=245760Kb used=4453Kb max_used=4453Kb free=241306Kb
 bounds [0x0000000112670000, 0x0000000112ad0000, 0x0000000121670000]
 total_blobs=1932 nmethods=1352 adapters=493
 compilation: enabled

Compilation events (10 events):
Event: 5.866 Thread 0x00007fee6780e000 1347       3       java.awt.Container::countComponents (10 bytes)
Event: 5.866 Thread 0x00007fee6780e000 nmethod 1347 0x0000000112ac9cd0 code [0x0000000112ac9e40, 0x0000000112aca068]
Event: 5.866 Thread 0x00007fee6780e000 1348       3       java.util.concurrent.locks.ReentrantReadWriteLock$Sync::exclusiveCount (5 bytes)
Event: 5.866 Thread 0x00007fee6780e000 nmethod 1348 0x0000000112aca110 code [0x0000000112aca260, 0x0000000112aca390]
Event: 5.867 Thread 0x00007fee6780e000 1349       3       sun.java2d.SunGraphics2D::getCompClip (19 bytes)
Event: 5.867 Thread 0x00007fee6780e000 nmethod 1349 0x0000000112aca410 code [0x0000000112aca580, 0x0000000112aca808]
Event: 7.697 Thread 0x00007fee6780e000 1351       1       java.beans.PropertyChangeEvent::getNewValue (5 bytes)
Event: 7.697 Thread 0x00007fee6780e000 nmethod 1351 0x0000000112ac2d50 code [0x0000000112ac2ea0, 0x0000000112ac2fb0]
Event: 7.697 Thread 0x00007fee6780e000 1352       3       java.lang.Enum::equals (11 bytes)
Event: 7.697 Thread 0x00007fee6780e000 nmethod 1352 0x0000000112acac10 code [0x0000000112acad80, 0x0000000112acaf30]

GC Heap History (0 events):
No events

Deoptimization events (10 events):
Event: 4.451 Thread 0x00007fee65a54800 Uncommon trap: reason=bimorphic action=maybe_recompile pc=0x00000001129b8310 method=java.io.DataInputStream.readInt()I @ 4
Event: 4.451 Thread 0x00007fee65a54800 Uncommon trap: reason=bimorphic action=maybe_recompile pc=0x0000000112930db8 method=java.io.DataInputStream.readChar()C @ 4
Event: 4.451 Thread 0x00007fee65a54800 Uncommon trap: reason=bimorphic action=maybe_recompile pc=0x0000000112930db8 method=java.io.DataInputStream.readChar()C @ 4
Event: 4.451 Thread 0x00007fee65a54800 Uncommon trap: reason=bimorphic action=maybe_recompile pc=0x0000000112930db8 method=java.io.DataInputStream.readChar()C @ 4
Event: 4.451 Thread 0x00007fee65a54800 Uncommon trap: reason=bimorphic action=maybe_recompile pc=0x0000000112930db8 method=java.io.DataInputStream.readChar()C @ 4
Event: 4.573 Thread 0x00007fee668ab800 Uncommon trap: reason=unstable_if action=reinterpret pc=0x0000000112904f1c method=java.util.HashMap.putVal(ILjava/lang/Object;Ljava/lang/Object;ZZ)Ljava/lang/Object; @ 81
Event: 5.160 Thread 0x00007fee65a54800 Uncommon trap: reason=class_check action=maybe_recompile pc=0x00000001127d889c method=java.lang.String.equals(Ljava/lang/Object;)Z @ 8
Event: 5.160 Thread 0x00007fee65a54800 Uncommon trap: reason=class_check action=maybe_recompile pc=0x00000001127d889c method=java.lang.String.equals(Ljava/lang/Object;)Z @ 8
Event: 5.160 Thread 0x00007fee65a54800 Uncommon trap: reason=class_check action=maybe_recompile pc=0x00000001127d889c method=java.lang.String.equals(Ljava/lang/Object;)Z @ 8
Event: 5.160 Thread 0x00007fee65a54800 Uncommon trap: reason=class_check action=maybe_recompile pc=0x00000001127d889c method=java.lang.String.equals(Ljava/lang/Object;)Z @ 8

Internal exceptions (10 events):
Event: 0.115 Thread 0x00007fee66806800 Exception <a 'java/lang/NoSuchFieldError': method resolution failed> (0x000000076af19558) thrown at [/Users/java_re/workspace/8-2-build-macosx-x86_64/jdk8u60/4407/hotspot/src/share/vm/prims/methodHandles.cpp, line 1146]
Event: 0.265 Thread 0x00007fee66806800 Exception <a 'java/io/FileNotFoundException'> (0x000000076af94730) thrown at [/Users/java_re/workspace/8-2-build-macosx-x86_64/jdk8u60/4407/hotspot/src/share/vm/prims/jni.cpp, line 709]
Event: 0.265 Thread 0x00007fee66806800 Exception <a 'java/io/FileNotFoundException'> (0x000000076af95298) thrown at [/Users/java_re/workspace/8-2-build-macosx-x86_64/jdk8u60/4407/hotspot/src/share/vm/prims/jni.cpp, line 709]
Event: 0.909 Thread 0x00007fee66806800 Exception <a 'java/io/FileNotFoundException'> (0x000000076bdfebf0) thrown at [/Users/java_re/workspace/8-2-build-macosx-x86_64/jdk8u60/4407/hotspot/src/share/vm/prims/jni.cpp, line 709]
Event: 0.911 Thread 0x00007fee659d7800 Implicit null exception at 0x00000001129434b5 to 0x0000000112943819
Event: 0.935 Thread 0x00007fee66806800 Exception <a 'java/io/FileNotFoundException'> (0x000000076be0db20) thrown at [/Users/java_re/workspace/8-2-build-macosx-x86_64/jdk8u60/4407/hotspot/src/share/vm/prims/jni.cpp, line 709]
Event: 1.012 Thread 0x00007fee66806800 Implicit null exception at 0x0000000112943d35 to 0x0000000112943f7d
Event: 1.012 Thread 0x00007fee66806800 Implicit null exception at 0x00000001129d44db to 0x00000001129d4a31
Event: 1.014 Thread 0x00007fee66806800 Implicit null exception at 0x00000001128bcf2f to 0x00000001128bcf99
Event: 5.797 Thread 0x00007fee668ab800 Exception <a 'java/lang/NullPointerException'> (0x000000076b07cee0) thrown at [/Users/java_re/workspace/8-2-build-macosx-x86_64/jdk8u60/4407/hotspot/src/share/vm/prims/jni.cpp, line 1318]

Events (10 events):
Event: 5.861 loading class javax/swing/JMenuItem
Event: 5.861 loading class javax/swing/JMenuItem done
Event: 5.861 loading class javax/swing/JMenu done
Event: 5.876 loading class java/util/Collections$SynchronizedRandomAccessList
Event: 5.876 loading class java/util/Collections$SynchronizedList
Event: 5.876 loading class java/util/Collections$SynchronizedList done
Event: 5.876 loading class java/util/Collections$SynchronizedRandomAccessList done
Event: 5.935 Thread 0x00007fee659d7800 Thread exited: 0x00007fee659d7800
Event: 7.203 loading class java/awt/LightweightDispatcher$2
Event: 7.203 loading class java/awt/LightweightDispatcher$2 done


Dynamic libraries:
0x000000001e679000 	/System/Library/Frameworks/Cocoa.framework/Versions/A/Cocoa
0x000000001e679000 	/System/Library/Frameworks/Security.framework/Versions/A/Security
0x000000001e679000 	/System/Library/Frameworks/ApplicationServices.framework/Versions/A/ApplicationServices
0x000000001e679000 	/usr/lib/libz.1.dylib
0x000000001e679000 	/usr/lib/libSystem.B.dylib
0x000000001e679000 	/usr/lib/libobjc.A.dylib
0x000000001e679000 	/System/Library/Frameworks/CoreFoundation.framework/Versions/A/CoreFoundation
0x000000001e679000 	/System/Library/Frameworks/Foundation.framework/Versions/C/Foundation
0x000000001e679000 	/System/Library/Frameworks/AppKit.framework/Versions/C/AppKit
0x000000001e679000 	/System/Library/Frameworks/CoreData.framework/Versions/A/CoreData
0x000000001e679000 	/System/Library/PrivateFrameworks/RemoteViewServices.framework/Versions/A/RemoteViewServices
0x000000001e679000 	/System/Library/PrivateFrameworks/UIFoundation.framework/Versions/A/UIFoundation
0x000000001e679000 	/usr/lib/libenergytrace.dylib
0x000000001e679000 	/System/Library/PrivateFrameworks/SkyLight.framework/Versions/A/SkyLight
0x000000001e679000 	/System/Library/Frameworks/CoreGraphics.framework/Versions/A/CoreGraphics
0x000000001e679000 	/usr/lib/libScreenReader.dylib
0x000000001e679000 	/System/Library/Frameworks/Accelerate.framework/Versions/A/Accelerate
0x000000001e679000 	/System/Library/Frameworks/IOSurface.framework/Versions/A/IOSurface
0x000000001e679000 	/System/Library/Frameworks/AudioToolbox.framework/Versions/A/AudioToolbox
0x000000001e679000 	/System/Library/Frameworks/AudioUnit.framework/Versions/A/AudioUnit
0x000000001e679000 	/System/Library/PrivateFrameworks/DataDetectorsCore.framework/Versions/A/DataDetectorsCore
0x000000001e679000 	/System/Library/PrivateFrameworks/DesktopServicesPriv.framework/Versions/A/DesktopServicesPriv
0x000000001e679000 	/System/Library/Frameworks/Carbon.framework/Versions/A/Frameworks/HIToolbox.framework/Versions/A/HIToolbox
0x000000001e679000 	/usr/lib/libicucore.A.dylib
0x000000001e679000 	/System/Library/Frameworks/QuartzCore.framework/Versions/A/QuartzCore
0x000000001e679000 	/System/Library/Frameworks/Carbon.framework/Versions/A/Frameworks/SpeechRecognition.framework/Versions/A/SpeechRecognition
0x000000001e679000 	/usr/lib/libauto.dylib
0x000000001e679000 	/usr/lib/libxml2.2.dylib
0x000000001e679000 	/System/Library/PrivateFrameworks/CoreUI.framework/Versions/A/CoreUI
0x000000001e679000 	/System/Library/Frameworks/CoreAudio.framework/Versions/A/CoreAudio
0x000000001e679000 	/System/Library/Frameworks/DiskArbitration.framework/Versions/A/DiskArbitration
0x000000001e679000 	/usr/lib/liblangid.dylib
0x000000001e679000 	/System/Library/PrivateFrameworks/MultitouchSupport.framework/Versions/A/MultitouchSupport
0x000000001e679000 	/System/Library/Frameworks/IOKit.framework/Versions/A/IOKit
0x000000001e679000 	/usr/lib/libDiagnosticMessagesClient.dylib
0x000000001e679000 	/System/Library/Frameworks/CoreServices.framework/Versions/A/CoreServices
0x000000001e679000 	/System/Library/PrivateFrameworks/PerformanceAnalysis.framework/Versions/A/PerformanceAnalysis
0x000000001e679000 	/System/Library/PrivateFrameworks/GenerationalStorage.framework/Versions/A/GenerationalStorage
0x000000001e679000 	/System/Library/Frameworks/OpenGL.framework/Versions/A/OpenGL
0x000000001e679000 	/System/Library/Frameworks/CoreImage.framework/Versions/A/CoreImage
0x000000001e679000 	/System/Library/Frameworks/CoreText.framework/Versions/A/CoreText
0x000000001e679000 	/System/Library/Frameworks/ImageIO.framework/Versions/A/ImageIO
0x000000001e679000 	/System/Library/PrivateFrameworks/Backup.framework/Versions/A/Backup
0x000000001e679000 	/usr/lib/libarchive.2.dylib
0x000000001e679000 	/System/Library/Frameworks/CFNetwork.framework/Versions/A/CFNetwork
0x000000001e679000 	/System/Library/Frameworks/SystemConfiguration.framework/Versions/A/SystemConfiguration
0x000000001e679000 	/usr/lib/libCRFSuite.dylib
0x000000001e679000 	/usr/lib/libc++.1.dylib
0x000000001e679000 	/usr/lib/libc++abi.dylib
0x000000001e679000 	/usr/lib/system/libcache.dylib
0x000000001e679000 	/usr/lib/system/libcommonCrypto.dylib
0x000000001e679000 	/usr/lib/system/libcompiler_rt.dylib
0x000000001e679000 	/usr/lib/system/libcopyfile.dylib
0x000000001e679000 	/usr/lib/system/libcorecrypto.dylib
0x000000001e679000 	/usr/lib/system/libdispatch.dylib
0x000000001e679000 	/usr/lib/system/libdyld.dylib
0x000000001e679000 	/usr/lib/system/libkeymgr.dylib
0x000000001e679000 	/usr/lib/system/liblaunch.dylib
0x000000001e679000 	/usr/lib/system/libmacho.dylib
0x000000001e679000 	/usr/lib/system/libquarantine.dylib
0x000000001e679000 	/usr/lib/system/libremovefile.dylib
0x000000001e679000 	/usr/lib/system/libsystem_asl.dylib
0x000000001e679000 	/usr/lib/system/libsystem_blocks.dylib
0x000000001e679000 	/usr/lib/system/libsystem_c.dylib
0x000000001e679000 	/usr/lib/system/libsystem_configuration.dylib
0x000000001e679000 	/usr/lib/system/libsystem_coreservices.dylib
0x000000001e679000 	/usr/lib/system/libsystem_coretls.dylib
0x000000001e679000 	/usr/lib/system/libsystem_dnssd.dylib
0x000000001e679000 	/usr/lib/system/libsystem_info.dylib
0x000000001e679000 	/usr/lib/system/libsystem_kernel.dylib
0x000000001e679000 	/usr/lib/system/libsystem_m.dylib
0x000000001e679000 	/usr/lib/system/libsystem_malloc.dylib
0x000000001e679000 	/usr/lib/system/libsystem_network.dylib
0x000000001e679000 	/usr/lib/system/libsystem_networkextension.dylib
0x000000001e679000 	/usr/lib/system/libsystem_notify.dylib
0x000000001e679000 	/usr/lib/system/libsystem_platform.dylib
0x000000001e679000 	/usr/lib/system/libsystem_pthread.dylib
0x000000001e679000 	/usr/lib/system/libsystem_sandbox.dylib
0x000000001e679000 	/usr/lib/system/libsystem_secinit.dylib
0x000000001e679000 	/usr/lib/system/libsystem_symptoms.dylib
0x000000001e679000 	/usr/lib/system/libsystem_trace.dylib
0x000000001e679000 	/usr/lib/system/libunwind.dylib
0x000000001e679000 	/usr/lib/system/libxpc.dylib
0x000000001e679000 	/usr/lib/libbsm.0.dylib
0x000000001e679000 	/usr/lib/system/libkxld.dylib
0x000000001e679000 	/usr/lib/libcoretls.dylib
0x000000001e679000 	/usr/lib/libcoretls_cfhelpers.dylib
0x000000001e679000 	/usr/lib/libxar.1.dylib
0x000000001e679000 	/usr/lib/libsqlite3.dylib
0x000000001e679000 	/usr/lib/libpam.2.dylib
0x000000001e679000 	/usr/lib/libOpenScriptingUtil.dylib
0x000000001e679000 	/usr/lib/libbz2.1.0.dylib
0x000000001e679000 	/usr/lib/liblzma.5.dylib
0x000000001e679000 	/usr/lib/libnetwork.dylib
0x000000001e679000 	/usr/lib/libpcap.A.dylib
0x000000001e679000 	/System/Library/Frameworks/CoreServices.framework/Versions/A/Frameworks/FSEvents.framework/Versions/A/FSEvents
0x000000001e679000 	/System/Library/Frameworks/CoreServices.framework/Versions/A/Frameworks/CarbonCore.framework/Versions/A/CarbonCore
0x000000001e679000 	/System/Library/Frameworks/CoreServices.framework/Versions/A/Frameworks/Metadata.framework/Versions/A/Metadata
0x000000001e679000 	/System/Library/Frameworks/CoreServices.framework/Versions/A/Frameworks/OSServices.framework/Versions/A/OSServices
0x000000001e679000 	/System/Library/Frameworks/CoreServices.framework/Versions/A/Frameworks/SearchKit.framework/Versions/A/SearchKit
0x000000001e679000 	/System/Library/Frameworks/CoreServices.framework/Versions/A/Frameworks/AE.framework/Versions/A/AE
0x000000001e679000 	/System/Library/Frameworks/CoreServices.framework/Versions/A/Frameworks/LaunchServices.framework/Versions/A/LaunchServices
0x000000001e679000 	/System/Library/Frameworks/CoreServices.framework/Versions/A/Frameworks/DictionaryServices.framework/Versions/A/DictionaryServices
0x000000001e679000 	/System/Library/Frameworks/CoreServices.framework/Versions/A/Frameworks/SharedFileList.framework/Versions/A/SharedFileList
0x000000001e679000 	/System/Library/Frameworks/NetFS.framework/Versions/A/NetFS
0x000000001e679000 	/System/Library/PrivateFrameworks/NetAuth.framework/Versions/A/NetAuth
0x000000001e679000 	/System/Library/PrivateFrameworks/login.framework/Versions/A/Frameworks/loginsupport.framework/Versions/A/loginsupport
0x000000001e679000 	/System/Library/PrivateFrameworks/TCC.framework/Versions/A/TCC
0x000000001e679000 	/usr/lib/libmecabra.dylib
0x000000001e679000 	/System/Library/Frameworks/ApplicationServices.framework/Versions/A/Frameworks/ATS.framework/Versions/A/ATS
0x000000001e679000 	/System/Library/Frameworks/ApplicationServices.framework/Versions/A/Frameworks/ColorSync.framework/Versions/A/ColorSync
0x000000001e679000 	/System/Library/Frameworks/ApplicationServices.framework/Versions/A/Frameworks/HIServices.framework/Versions/A/HIServices
0x000000001e679000 	/System/Library/Frameworks/ApplicationServices.framework/Versions/A/Frameworks/LangAnalysis.framework/Versions/A/LangAnalysis
0x000000001e679000 	/System/Library/Frameworks/ApplicationServices.framework/Versions/A/Frameworks/PrintCore.framework/Versions/A/PrintCore
0x000000001e679000 	/System/Library/Frameworks/ApplicationServices.framework/Versions/A/Frameworks/QD.framework/Versions/A/QD
0x000000001e679000 	/System/Library/Frameworks/ApplicationServices.framework/Versions/A/Frameworks/SpeechSynthesis.framework/Versions/A/SpeechSynthesis
0x000000001e679000 	/System/Library/Frameworks/Accelerate.framework/Versions/A/Frameworks/vImage.framework/Versions/A/vImage
0x000000001e679000 	/System/Library/Frameworks/Accelerate.framework/Versions/A/Frameworks/vecLib.framework/Versions/A/vecLib
0x000000001e679000 	/System/Library/Frameworks/Accelerate.framework/Versions/A/Frameworks/vecLib.framework/Versions/A/libvDSP.dylib
0x000000001e679000 	/System/Library/Frameworks/Accelerate.framework/Versions/A/Frameworks/vecLib.framework/Versions/A/libBNNS.dylib
0x000000001e679000 	/System/Library/Frameworks/Accelerate.framework/Versions/A/Frameworks/vecLib.framework/Versions/A/libQuadrature.dylib
0x000000001e679000 	/System/Library/Frameworks/Accelerate.framework/Versions/A/Frameworks/vecLib.framework/Versions/A/libvMisc.dylib
0x000000001e679000 	/System/Library/Frameworks/Accelerate.framework/Versions/A/Frameworks/vecLib.framework/Versions/A/libLAPACK.dylib
0x000000001e679000 	/System/Library/Frameworks/Accelerate.framework/Versions/A/Frameworks/vecLib.framework/Versions/A/libBLAS.dylib
0x000000001e679000 	/System/Library/Frameworks/Accelerate.framework/Versions/A/Frameworks/vecLib.framework/Versions/A/libLinearAlgebra.dylib
0x000000001e679000 	/System/Library/Frameworks/Accelerate.framework/Versions/A/Frameworks/vecLib.framework/Versions/A/libSparseBLAS.dylib
0x000000001e679000 	/System/Library/Frameworks/ApplicationServices.framework/Versions/A/Frameworks/ATS.framework/Versions/A/Resources/libFontParser.dylib
0x000000001e679000 	/System/Library/Frameworks/ApplicationServices.framework/Versions/A/Frameworks/ATS.framework/Versions/A/Resources/libFontRegistry.dylib
0x000000001e679000 	/System/Library/Frameworks/ImageIO.framework/Versions/A/Resources/libJPEG.dylib
0x000000001e679000 	/System/Library/Frameworks/ImageIO.framework/Versions/A/Resources/libTIFF.dylib
0x000000001e679000 	/System/Library/Frameworks/ImageIO.framework/Versions/A/Resources/libPng.dylib
0x000000001e679000 	/System/Library/Frameworks/ImageIO.framework/Versions/A/Resources/libGIF.dylib
0x000000001e679000 	/System/Library/Frameworks/ImageIO.framework/Versions/A/Resources/libJP2.dylib
0x000000001e679000 	/System/Library/Frameworks/ImageIO.framework/Versions/A/Resources/libRadiance.dylib
0x000000001e679000 	/usr/lib/libcompression.dylib
0x000000001e679000 	/System/Library/PrivateFrameworks/AppleJPEG.framework/Versions/A/AppleJPEG
0x000000001e679000 	/usr/lib/libcups.2.dylib
0x000000001e679000 	/System/Library/Frameworks/Kerberos.framework/Versions/A/Kerberos
0x000000001e679000 	/System/Library/Frameworks/GSS.framework/Versions/A/GSS
0x000000001e679000 	/usr/lib/libresolv.9.dylib
0x000000001e679000 	/usr/lib/libiconv.2.dylib
0x000000001e679000 	/System/Library/PrivateFrameworks/Heimdal.framework/Versions/A/Heimdal
0x000000001e679000 	/usr/lib/libheimdal-asn1.dylib
0x000000001e679000 	/System/Library/Frameworks/OpenDirectory.framework/Versions/A/OpenDirectory
0x000000001e679000 	/System/Library/PrivateFrameworks/CommonAuth.framework/Versions/A/CommonAuth
0x000000001e679000 	/System/Library/Frameworks/OpenDirectory.framework/Versions/A/Frameworks/CFOpenDirectory.framework/Versions/A/CFOpenDirectory
0x000000001e679000 	/System/Library/Frameworks/SecurityFoundation.framework/Versions/A/SecurityFoundation
0x000000001e679000 	/System/Library/PrivateFrameworks/LanguageModeling.framework/Versions/A/LanguageModeling
0x000000001e679000 	/usr/lib/libmarisa.dylib
0x000000001e679000 	/usr/lib/libChineseTokenizer.dylib
0x000000001e679000 	/usr/lib/libcmph.dylib
0x000000001e679000 	/System/Library/PrivateFrameworks/CoreEmoji.framework/Versions/A/CoreEmoji
0x000000001e679000 	/System/Library/Frameworks/ServiceManagement.framework/Versions/A/ServiceManagement
0x000000001e679000 	/usr/lib/libxslt.1.dylib
0x000000001e679000 	/System/Library/Frameworks/Carbon.framework/Versions/A/Frameworks/Ink.framework/Versions/A/Ink
0x000000001e679000 	/System/Library/PrivateFrameworks/TextureIO.framework/Versions/A/TextureIO
0x000000001e679000 	/System/Library/Frameworks/Metal.framework/Versions/A/Metal
0x000000001e679000 	/usr/lib/libate.dylib
0x000000001e679000 	/System/Library/PrivateFrameworks/GPUCompiler.framework/libmetal_timestamp.dylib
0x000000001e679000 	/System/Library/Frameworks/OpenGL.framework/Versions/A/Libraries/libCoreFSCache.dylib
0x000000001e679000 	/System/Library/PrivateFrameworks/IOAccelerator.framework/Versions/A/IOAccelerator
0x000000001e679000 	/System/Library/Frameworks/CoreVideo.framework/Versions/A/CoreVideo
0x000000001e679000 	/usr/lib/libFosl_dynamic.dylib
0x000000001e679000 	/System/Library/PrivateFrameworks/MetalPerformanceShaders.framework/Versions/A/MetalPerformanceShaders
0x000000001e679000 	/System/Library/PrivateFrameworks/FaceCore.framework/Versions/A/FaceCore
0x000000001e679000 	/System/Library/Frameworks/OpenCL.framework/Versions/A/OpenCL
0x000000001e679000 	/System/Library/Frameworks/OpenGL.framework/Versions/A/Libraries/libGLU.dylib
0x000000001e679000 	/System/Library/Frameworks/OpenGL.framework/Versions/A/Libraries/libGFXShared.dylib
0x000000001e679000 	/System/Library/Frameworks/OpenGL.framework/Versions/A/Libraries/libGL.dylib
0x000000001e679000 	/System/Library/Frameworks/OpenGL.framework/Versions/A/Libraries/libGLImage.dylib
0x000000001e679000 	/System/Library/Frameworks/OpenGL.framework/Versions/A/Libraries/libCVMSPluginSupport.dylib
0x000000001e679000 	/System/Library/Frameworks/OpenGL.framework/Versions/A/Libraries/libCoreVMClient.dylib
0x000000001e679000 	/System/Library/PrivateFrameworks/CrashReporterSupport.framework/Versions/A/CrashReporterSupport
0x000000001e679000 	/System/Library/PrivateFrameworks/Sharing.framework/Versions/A/Sharing
0x000000001e679000 	/System/Library/PrivateFrameworks/IconServices.framework/Versions/A/IconServices
0x000000001e679000 	/System/Library/PrivateFrameworks/ProtocolBuffer.framework/Versions/A/ProtocolBuffer
0x000000001e679000 	/System/Library/PrivateFrameworks/Apple80211.framework/Versions/A/Apple80211
0x000000001e679000 	/System/Library/Frameworks/CoreWLAN.framework/Versions/A/CoreWLAN
0x000000001e679000 	/System/Library/PrivateFrameworks/CoreUtils.framework/Versions/A/CoreUtils
0x000000001e679000 	/System/Library/Frameworks/IOBluetooth.framework/Versions/A/IOBluetooth
0x000000001e679000 	/System/Library/PrivateFrameworks/CoreWiFi.framework/Versions/A/CoreWiFi
0x000000001e679000 	/System/Library/Frameworks/CoreBluetooth.framework/Versions/A/CoreBluetooth
0x000000001e679000 	/System/Library/Frameworks/CoreDisplay.framework/Versions/A/CoreDisplay
0x000000001e679000 	/System/Library/PrivateFrameworks/IOPresentment.framework/Versions/A/IOPresentment
0x000000001e679000 	/System/Library/PrivateFrameworks/DebugSymbols.framework/Versions/A/DebugSymbols
0x000000001e679000 	/System/Library/PrivateFrameworks/CoreSymbolication.framework/Versions/A/CoreSymbolication
0x000000001e679000 	/System/Library/PrivateFrameworks/Symbolication.framework/Versions/A/Symbolication
0x000000001e679000 	/System/Library/PrivateFrameworks/AppleFSCompression.framework/Versions/A/AppleFSCompression
0x000000001e679000 	/System/Library/PrivateFrameworks/SpeechRecognitionCore.framework/Versions/A/SpeechRecognitionCore
0x000000001e679000 	/System/Library/PrivateFrameworks/ChunkingLibrary.framework/Versions/A/ChunkingLibrary
0x000000010ace0000 	/System/Library/CoreServices/Encodings/libSimplifiedChineseConverter.dylib
0x000000010ad24000 	/Library/Java/JavaVirtualMachines/jdk1.8.0_60.jdk/Contents/Home/jre/lib/server/libjvm.dylib
0x000000001e679000 	/usr/lib/libstdc++.6.dylib
0x000000010bcad000 	/Library/Java/JavaVirtualMachines/jdk1.8.0_60.jdk/Contents/Home/jre/lib/libverify.dylib
0x000000010bcbb000 	/Library/Java/JavaVirtualMachines/jdk1.8.0_60.jdk/Contents/Home/jre/lib/libjava.dylib
0x000000010bcfa000 	/Library/Java/JavaVirtualMachines/jdk1.8.0_60.jdk/Contents/Home/jre/lib/libzip.dylib
0x0000000110dc2000 	/System/Library/Frameworks/JavaVM.framework/Frameworks/JavaRuntimeSupport.framework/JavaRuntimeSupport
0x0000000110ddc000 	/System/Library/Frameworks/JavaVM.framework/Versions/A/Frameworks/JavaNativeFoundation.framework/Versions/A/JavaNativeFoundation
0x0000000110df1000 	/System/Library/Frameworks/JavaVM.framework/Versions/A/JavaVM
0x000000001e679000 	/System/Library/Frameworks/Carbon.framework/Versions/A/Carbon
0x0000000110dfe000 	/System/Library/PrivateFrameworks/JavaLaunching.framework/Versions/A/JavaLaunching
0x000000001e679000 	/System/Library/Frameworks/Carbon.framework/Versions/A/Frameworks/CommonPanels.framework/Versions/A/CommonPanels
0x000000001e679000 	/System/Library/Frameworks/Carbon.framework/Versions/A/Frameworks/Help.framework/Versions/A/Help
0x000000001e679000 	/System/Library/Frameworks/Carbon.framework/Versions/A/Frameworks/ImageCapture.framework/Versions/A/ImageCapture
0x000000001e679000 	/System/Library/Frameworks/Carbon.framework/Versions/A/Frameworks/OpenScripting.framework/Versions/A/OpenScripting
0x000000001e679000 	/System/Library/Frameworks/Carbon.framework/Versions/A/Frameworks/Print.framework/Versions/A/Print
0x000000001e679000 	/System/Library/Frameworks/Carbon.framework/Versions/A/Frameworks/SecurityHI.framework/Versions/A/SecurityHI
0x0000000110e52000 	/Library/Java/JavaVirtualMachines/jdk1.8.0_60.jdk/Contents/Home/jre/lib/libawt.dylib
0x0000000110efa000 	/Library/Java/JavaVirtualMachines/jdk1.8.0_60.jdk/Contents/Home/jre/lib/./libmlib_image.dylib
0x0000000110fc6000 	/Library/Java/JavaVirtualMachines/jdk1.8.0_60.jdk/Contents/Home/jre/lib/libawt_lwawt.dylib
0x000000011107b000 	/Library/Java/JavaVirtualMachines/jdk1.8.0_60.jdk/Contents/Home/jre/lib/./libosxapp.dylib
0x000000001e679000 	/System/Library/Frameworks/ExceptionHandling.framework/Versions/A/ExceptionHandling
0x000000001e679000 	/System/Library/PrivateFrameworks/CoreServicesInternal.framework/Versions/A/CoreServicesInternal
0x000000001e679000 	/System/Library/CoreServices/RawCamera.bundle/Contents/MacOS/RawCamera
0x000000001e679000 	/System/Library/Frameworks/Accelerate.framework/Versions/A/Frameworks/vImage.framework/Versions/A/Libraries/libCGInterfaces.dylib
0x000000001e679000 	/System/Library/Frameworks/ApplicationServices.framework/Versions/A/Frameworks/ATS.framework/Versions/A/Resources/libTrueTypeScaler.dylib
0x000000001e679000 	/System/Library/Frameworks/OpenGL.framework/Versions/A/Resources/GLEngine.bundle/GLEngine
0x000000001e679000 	/System/Library/Frameworks/OpenGL.framework/Versions/A/Libraries/libGLProgrammability.dylib
0x000000012bb7e000 	/System/Library/Extensions/AppleIntelHD5000GraphicsGLDriver.bundle/Contents/MacOS/AppleIntelHD5000GraphicsGLDriver
0x000000001e679000 	/System/Library/PrivateFrameworks/GPUSupport.framework/Versions/A/Libraries/libGPUSupportMercury.dylib
0x000000001e679000 	/System/Library/Extensions/GeForceGLDriver.bundle/Contents/MacOS/GeForceGLDriver
0x000000001e679000 	/System/Library/Extensions/GeForceGLDriver.bundle/Contents/MacOS/libclh.dylib
0x000000001e679000 	/System/Library/Frameworks/OpenGL.framework/Versions/A/Resources/GLRendererFloat.bundle/GLRendererFloat
0x000000001e679000 	/System/Library/Frameworks/OpenCL.framework/Versions/A/Libraries/libcldcpuengine.dylib
0x000000001e679000 	/usr/lib/libcrypto.0.9.8.dylib
0x000000001e679000 	/System/Library/PrivateFrameworks/TrustEvaluationAgent.framework/Versions/A/TrustEvaluationAgent
0x000000001e679000 	/System/Library/Extensions/GeForceMTLDriver.bundle/Contents/MacOS/GeForceMTLDriver
0x000000012c2fc000 	/System/Library/Extensions/AppleIntelHD5000GraphicsMTLDriver.bundle/Contents/MacOS/AppleIntelHD5000GraphicsMTLDriver
0x000000001e679000 	/System/Library/PrivateFrameworks/FamilyControls.framework/Versions/A/FamilyControls
0x000000001e679000 	/System/Library/PrivateFrameworks/CommerceKit.framework/Versions/A/Frameworks/CommerceCore.framework/Versions/A/CommerceCore
0x000000001e679000 	/System/Library/PrivateFrameworks/SystemAdministration.framework/Versions/A/SystemAdministration
0x000000001e679000 	/System/Library/PrivateFrameworks/AppContainer.framework/Versions/A/AppContainer
0x000000001e679000 	/System/Library/PrivateFrameworks/SecCodeWrapper.framework/Versions/A/SecCodeWrapper
0x000000001e679000 	/System/Library/Frameworks/DirectoryService.framework/Versions/A/DirectoryService
0x000000001e679000 	/System/Library/PrivateFrameworks/DiskImages.framework/Versions/A/DiskImages
0x000000001e679000 	/System/Library/PrivateFrameworks/LoginUIKit.framework/Versions/A/Frameworks/LoginUICore.framework/Versions/A/LoginUICore
0x000000001e679000 	/usr/lib/libCoreStorage.dylib
0x000000001e679000 	/usr/lib/libcsfde.dylib
0x000000001e679000 	/usr/lib/libodfde.dylib
0x000000001e679000 	/System/Library/Frameworks/DiscRecording.framework/Versions/A/DiscRecording
0x000000001e679000 	/usr/lib/libcurl.4.dylib
0x000000001e679000 	/System/Library/PrivateFrameworks/MediaKit.framework/Versions/A/MediaKit
0x000000001e679000 	/System/Library/PrivateFrameworks/ProtectedCloudStorage.framework/Versions/A/ProtectedCloudStorage
0x000000001e679000 	/System/Library/PrivateFrameworks/EFILogin.framework/Versions/A/EFILogin
0x000000001e679000 	/usr/lib/libutil.dylib
0x000000001e679000 	/System/Library/Frameworks/LDAP.framework/Versions/A/LDAP
0x000000001e679000 	/usr/lib/libsasl2.2.dylib
0x000000001e679000 	/System/Library/PrivateFrameworks/CoreDaemon.framework/Versions/B/CoreDaemon
0x000000001e679000 	/System/Library/PrivateFrameworks/AppleSRP.framework/Versions/A/AppleSRP
0x000000001e679000 	/System/Library/PrivateFrameworks/APFS.framework/Versions/A/APFS
0x000000012d6cd000 	/Library/Java/JavaVirtualMachines/jdk1.8.0_60.jdk/Contents/Home/jre/lib/libfontmanager.dylib
0x000000012d734000 	/Library/Java/JavaVirtualMachines/jdk1.8.0_60.jdk/Contents/Home/jre/lib/libsunec.dylib
0x000000012d849000 	/Library/Java/JavaVirtualMachines/jdk1.8.0_60.jdk/Contents/Home/jre/lib/libnet.dylib
0x000000001e679000 	/System/Library/PrivateFrameworks/ViewBridge.framework/Versions/A/ViewBridge
0x000000001e679000 	/System/Library/PrivateFrameworks/XPCService.framework/Versions/A/XPCService
0x000000001e679000 	/System/Library/PrivateFrameworks/AppSandbox.framework/Versions/A/AppSandbox
0x000000001e679000 	/usr/lib/libsandbox.1.dylib
0x000000001e679000 	/usr/lib/libMatch.1.dylib
0x000000012e4ba000 	/Library/Java/JavaVirtualMachines/jdk1.8.0_60.jdk/Contents/Home/jre/lib/libosxui.dylib
0x0000000135e49000 	/Library/Java/JavaVirtualMachines/jdk1.8.0_60.jdk/Contents/Home/jre/lib/libnio.dylib
0x0000000184471000 	/Library/Java/JavaVirtualMachines/jdk1.8.0_60.jdk/Contents/Home/jre/lib/libdcpr.dylib

VM Arguments:
jvm_args: -Dfile.encoding=UTF-8 
java_command: Main
java_class_path (initial): /Users/Yang-Deng/Documents/workspace/OSS/bin
Launcher Type: SUN_STANDARD

Environment Variables:
PATH=/usr/bin:/bin:/usr/sbin:/sbin
SHELL=/bin/bash
DISPLAY=/private/tmp/com.apple.launchd.s5DsXZMmKP/org.macosforge.xquartz:0

Signal Handlers:
SIGSEGV: [libjvm.dylib+0x5a6d31], sa_mask[0]=11111111011111110111111111111111, sa_flags=SA_ONSTACK|SA_RESTART|SA_SIGINFO
SIGBUS: [libjvm.dylib+0x5a6d31], sa_mask[0]=11111111011111110111111111111111, sa_flags=SA_RESTART|SA_SIGINFO
SIGFPE: [libjvm.dylib+0x480a4c], sa_mask[0]=11111111011111110111111111111111, sa_flags=SA_RESTART|SA_SIGINFO
SIGPIPE: [libjvm.dylib+0x480a4c], sa_mask[0]=11111111011111110111111111111111, sa_flags=SA_RESTART|SA_SIGINFO
SIGXFSZ: [libjvm.dylib+0x480a4c], sa_mask[0]=11111111011111110111111111111111, sa_flags=SA_RESTART|SA_SIGINFO
SIGILL: [libjvm.dylib+0x480a4c], sa_mask[0]=11111111011111110111111111111111, sa_flags=SA_RESTART|SA_SIGINFO
SIGUSR1: SIG_DFL, sa_mask[0]=00000000000000000000000000000000, sa_flags=none
SIGUSR2: [libjvm.dylib+0x48056a], sa_mask[0]=00100000000000000000000000000000, sa_flags=SA_RESTART|SA_SIGINFO
SIGHUP: [libjvm.dylib+0x47eb41], sa_mask[0]=11111111011111110111111111111111, sa_flags=SA_RESTART|SA_SIGINFO
SIGINT: [libjvm.dylib+0x47eb41], sa_mask[0]=11111111011111110111111111111111, sa_flags=SA_RESTART|SA_SIGINFO
SIGTERM: [libjvm.dylib+0x47eb41], sa_mask[0]=11111111011111110111111111111111, sa_flags=SA_RESTART|SA_SIGINFO
SIGQUIT: [libjvm.dylib+0x47eb41], sa_mask[0]=11111111011111110111111111111111, sa_flags=SA_RESTART|SA_SIGINFO


---------------  S Y S T E M  ---------------

OS:Bsduname:Darwin 16.0.0 Darwin Kernel Version 16.0.0: Tue Aug 23 17:02:44 PDT 2016; root:xnu-3789.1.31~2/RELEASE_X86_64 x86_64
rlimit: STACK 8192k, CORE 0k, NPROC 709, NOFILE 10240, AS infinity
load average:1.80 1.83 1.86

CPU:total 8 (4 cores per cpu, 2 threads per core) family 6 model 70 stepping 1, cmov, cx8, fxsr, mmx, sse, sse2, sse3, ssse3, sse4.1, sse4.2, popcnt, avx, avx2, aes, clmul, erms, rtm, lzcnt, ht, tsc, tscinvbit, bmi1, bmi2

Memory: 4k page, physical 16777216k(2288192k free)

/proc/meminfo:


vm_info: Java HotSpot(TM) 64-Bit Server VM (25.60-b23) for bsd-amd64 JRE (1.8.0_60-b27), built on Aug  4 2015 10:47:24 by "java_re" with gcc 4.2.1 (Based on Apple Inc. build 5658) (LLVM build 2336.11.00)

time: Thu Sep 15 12:55:35 2016
elapsed time: 7 seconds (0d 0h 0m 7s)

