#
# A fatal error has been detected by the Java Runtime Environment:
#
#  SIGILL (0x4) at pc=0x00007fffc5ffe86a, pid=10533, tid=2059
#
# JRE version: Java(TM) SE Runtime Environment (8.0_60-b27) (build 1.8.0_60-b27)
# Java VM: Java HotSpot(TM) 64-Bit Server VM (25.60-b23 mixed mode bsd-amd64 compressed oops)
# Problematic frame:
# C  [AppKit+0x3a486a]  -[NSApplication _crashOnException:]+0x6d
#
# Failed to write core dump. Core dumps have been disabled. To enable core dumping, try "ulimit -c unlimited" before starting Java again
#
# If you would like to submit a bug report, please visit:
#   http://bugreport.java.com/bugreport/crash.jsp
# The crash happened outside the Java Virtual Machine in native code.
# See problematic frame for where to report the bug.
#

---------------  T H R E A D  ---------------

Current thread (0x00007fab28092800):  JavaThread "AppKit Thread" daemon [_thread_in_native, id=2059, stack(0x00007fff5ba67000,0x00007fff5c267000)]

siginfo: si_signo: 4 (SIGILL), si_code: 1 (ILL_ILLOPC), si_addr: 0x00007fffc5ffe86a

Registers:
RAX=0x00007fab2805b400, RBX=0x00007fab2c5a1a70, RCX=0x0000000000000001, RDX=0x0000000000000000
RSP=0x00007fff5c260010, RBP=0x00007fff5c260020, RSI=0x000000000000254d, RDI=0x00007fab2c556ae0
R8 =0x0000000008000100, R9 =0x0000000000000000, R10=0x00007fffe28adfb8, R11=0x00000000000027ff
R12=0x0000000000000050, R13=0x00007fffc67de17a, R14=0x00007fffdc7b0b40, R15=0x00007fffe28aef80
RIP=0x00007fffc5ffe86a, EFLAGS=0x0000000000010202, ERR=0x0000000000000000
  TRAPNO=0x0000000000000006

Top of Stack: (sp=0x00007fff5c260010)
0x00007fff5c260010:   00007fab2c5afa60 00007fffc67ddb77
0x00007fff5c260020:   00007fff5c260150 00007fffc60cf6ed
0x00007fff5c260030:   00007fab2641f510 00007fffc67ddf76
0x00007fff5c260040:   00007fab26731d00 00007fab2c590b00
0x00007fff5c260050:   00007fab2c5a1a70 00007fab2c58c1c0
0x00007fff5c260060:   ffffffffffffffff 00007fff5c2600a0
0x00007fff5c260070:   00007fff5c260078 0000000000000050
0x00007fff5c260080:   0000000000000000 0000000000000000
0x00007fff5c260090:   0000000000000000 0000000000000000
0x00007fff5c2600a0:   00007fab2c51f220 00007fab2c522d40
0x00007fff5c2600b0:   00007fab2c51f2a0 00007fab2c571e80
0x00007fff5c2600c0:   00007fab2c51f320 00007fab2c571f00
0x00007fff5c2600d0:   00007fab2c571f80 00007fab2c57c6a0
0x00007fff5c2600e0:   00007fab2c535590 00007fab2c567090
0x00007fff5c2600f0:   00007fab2c591170 00007fab2c54a680
0x00007fff5c260100:   00007fab2c562bc0 00007fab2c5ae2f0
0x00007fff5c260110:   00007fab2c59efc0 00007fab267efb70
0x00007fff5c260120:   12094f737ecd00f6 00007fffdc7b0b40
0x00007fff5c260130:   00007fab26731d00 00007fab26731d00
0x00007fff5c260140:   00007fab2c530a70 00007fff5c260160
0x00007fff5c260150:   00007fff5c2602a0 00007fffc5ffe7c9
0x00007fff5c260160:   000000000000080b 00007fffe2312ec0
0x00007fff5c260170:   00007fff5c2601d0 00007fffdc7b1c4e
0x00007fff5c260180:   00007fff5c260100 0000000000000000
0x00007fff5c260190:   0000000111d91378 00007fab2c5a1a70
0x00007fff5c2601a0:   0000000000000000 0000000000000000
0x00007fff5c2601b0:   0000000000000000 0000000000000000
0x00007fff5c2601c0:   0000000000000000 0000000000000000
0x00007fff5c2601d0:   0000000000000000 0000000000000000
0x00007fff5c2601e0:   0000000000000000 0000000000000000
0x00007fff5c2601f0:   0000000000000000 00007fab2c5a1a70
0x00007fff5c260200:   00007fffc67ec546 00007fab26731d00 

Instructions: (pc=0x00007fffc5ffe86a)
0x00007fffc5ffe84a:   48 89 c7 ff 15 35 28 04 1c 48 8b 35 f6 09 2d 1c
0x00007fffc5ffe85a:   48 89 c7 ff 15 25 28 04 1c 48 89 05 66 64 33 1c
0x00007fffc5ffe86a:   0f 0b 48 89 c7 e8 e6 be 72 00 31 ff 31 f6 31 c0
0x00007fffc5ffe87a:   e8 3f be e2 ff e8 fa be 72 00 48 89 c3 e8 e6 be 

Register to memory mapping:

RAX=0x00007fab2805b400 is an unknown value
RBX=0x00007fab2c5a1a70 is an unknown value
RCX=0x0000000000000001 is an unknown value
RDX=0x0000000000000000 is an unknown value
RSP=0x00007fff5c260010 is pointing into the stack for thread: 0x00007fab28092800
RBP=0x00007fff5c260020 is pointing into the stack for thread: 0x00007fab28092800
RSI=0x000000000000254d is an unknown value
RDI=0x00007fab2c556ae0 is an unknown value
R8 =0x0000000008000100 is an unknown value
R9 =0x0000000000000000 is an unknown value
R10=0x00007fffe28adfb8: OBJC_CLASS_$___NSCFString+0 in /System/Library/Frameworks/CoreFoundation.framework/Versions/A/CoreFoundation at 0x00007fffc7f8c000
R11=0x00000000000027ff is an unknown value
R12=0x0000000000000050 is an unknown value
R13=0x00007fffc67de17a: __NSStyleNameIndexTable+0x6db3f in /System/Library/Frameworks/AppKit.framework/Versions/C/AppKit at 0x00007fffc5c5a000
R14=0x00007fffdc7b0b40: objc_msgSend+0 in /usr/lib/libobjc.A.dylib at 0x00007fffdc7aa000
R15=0x00007fffe28aef80: OBJC_CLASS_$_NSDictionary+0 in /System/Library/Frameworks/CoreFoundation.framework/Versions/A/CoreFoundation at 0x00007fffc7f8c000


Stack: [0x00007fff5ba67000,0x00007fff5c267000],  sp=0x00007fff5c260010,  free space=8164k
Native frames: (J=compiled Java code, j=interpreted, Vv=VM code, C=native code)
C  [AppKit+0x3a486a]  -[NSApplication _crashOnException:]+0x6d
C  [AppKit+0x4756ed]  -[NSApplication _showException:]+0x2e8
C  [AppKit+0x3a47c9]  -[NSApplication reportException:]+0x3c0
C  [AppKit+0x46df13]  uncaughtErrorProc+0x9e
C  [HIToolbox+0x8abd]  DispatchEventToHandlers(EventTargetRec*, OpaqueEventRef*, HandlerCallRec*)+0x474
C  [HIToolbox+0x7f66]  SendEventToEventTargetInternal(OpaqueEventRef*, OpaqueEventTargetRef*, HandlerCallRec*)+0x1ac
C  [HIToolbox+0x7daf]  SendEventToEventTargetWithOptions+0x2b
C  [HIToolbox+0x5ed06]  SendTSMEvent_WithCompletionHandler+0x198
C  [HIToolbox+0x212138]  __SendTextInputEvent_WithCompletionHandler_block_invoke+0x248
C  [HIToolbox+0x210449]  SendTextInputEvent_WithCompletionHandler+0x482
C  [HIToolbox+0x281629]  -[IMKInputSession _postEvent:completionHandler:]+0xb0
C  [HIToolbox+0x291285]  -[IMKInputSession _copyUniCharsForRange:intoBuffer:ofLength:completionHandler:]+0x212
C  [HIToolbox+0x291a0e]  -[IMKInputSession _coreAttributesFromRange:whichAttributes:completionHandler:]+0x119
C  [HIToolbox+0x2939b0]  -[IMKInputSession attributedSubstringFromRange:completionHandler:]+0xba
C  [HIToolbox+0x2841ab]  __61-[IMKInputSession imkxpc_attributedSubstringFromRange:reply:]_block_invoke+0x212
C  [CoreFoundation+0xa73ac]  __CFRUNLOOP_IS_CALLING_OUT_TO_A_BLOCK__+0xc
C  [CoreFoundation+0x88424]  __CFRunLoopDoBlocks+0x164
C  [CoreFoundation+0x87f66]  __CFRunLoopRun+0x756
C  [CoreFoundation+0x875b4]  CFRunLoopRunSpecific+0x1a4
C  [HIToolbox+0x26b43e]  -[IMKInputSessionXPCInvocation invocationAwaitXPCReply]+0x25e
C  [HIToolbox+0x27296a]  __49-[IMKInputSession handleEvent:completionHandler:]_block_invoke_2.479+0x6b8
C  [HIToolbox+0x271d88]  __49-[IMKInputSession handleEvent:completionHandler:]_block_invoke_2.438+0x236
C  [HIToolbox+0x255a2f]  -[IMKClient _mapKeyCodeToInputSource:modifiers:completionHandler:]+0x58
C  [HIToolbox+0x256101]  -[IMKClient switchedInputMode:completionHandler:]+0x182
C  [HIToolbox+0x270c32]  -[IMKInputSession tryHandleEventSwitchedInputMode:eventWasHandled:continuationHandler:]+0x7a
C  [HIToolbox+0x271b2c]  __49-[IMKInputSession handleEvent:completionHandler:]_block_invoke.437+0xaa
C  [HIToolbox+0x27196b]  __49-[IMKInputSession handleEvent:completionHandler:]_block_invoke+0x105
C  [HIToolbox+0x27db3f]  -[IMKInputSession _eventIsOn:completionHandler:]+0x72e
C  [HIToolbox+0x2711e1]  -[IMKInputSession handleEvent:completionHandler:]+0x37a
C  [HIToolbox+0x221d10]  IMKInputSessionProcessEventRefWithCompletionHandler+0x78
C  [HIToolbox+0x2210c2]  InputMethodInstanceProcessEventRef_WithCompletionHandler+0x81
C  [HIToolbox+0x20f7da]  __TSMEventToInputMethod_WithCompletionHandler_block_invoke+0x7c
C  [HIToolbox+0x213660]  __SendTSMDocumentLockEvent_WithCompletionHandler_block_invoke+0x5f
C  [HIToolbox+0x61d12]  invocation function for block in DispatchEventToHandlers(EventTargetRec*, OpaqueEventRef*, HandlerCallRec*)+0x6c
C  [AppKit+0x1dca81]  -[NSTextInputContext handleTSMEvent:completionHandler:]+0xce2
C  [AppKit+0x1dbd31]  _NSTSMEventHandler+0x13f
C  [HIToolbox+0x8cf5]  DispatchEventToHandlers(EventTargetRec*, OpaqueEventRef*, HandlerCallRec*)+0x6ac
C  [HIToolbox+0x7f66]  SendEventToEventTargetInternal(OpaqueEventRef*, OpaqueEventTargetRef*, HandlerCallRec*)+0x1ac
C  [HIToolbox+0x7daf]  SendEventToEventTargetWithOptions+0x2b
C  [HIToolbox+0x5ed06]  SendTSMEvent_WithCompletionHandler+0x198
C  [HIToolbox+0x20f711]  TrySendLockEvent_BeforeEventToInputMethod_WithContinuationHandler+0x15f
C  [HIToolbox+0x20f54e]  TSMEventToInputMethod_WithCompletionHandler+0x94
C  [HIToolbox+0x20f49a]  TSMEventToKeyboardInputMethod_WithCompletionHandler+0x7f
C  [HIToolbox+0x5e1f4]  TSMKeyEvent_WithCompletionHandler+0x248
C  [HIToolbox+0x5df73]  __TSMProcessRawKeyEventWithOptionsAndCompletionHandler_block_invoke_4+0xfb
C  [HIToolbox+0x5dda0]  __TSMProcessRawKeyEventWithOptionsAndCompletionHandler_block_invoke_3+0x119
C  [HIToolbox+0x5dab6]  __TSMProcessRawKeyEventWithOptionsAndCompletionHandler_block_invoke_2+0x134
C  [HIToolbox+0x5d7ed]  __TSMProcessRawKeyEventWithOptionsAndCompletionHandler_block_invoke+0x12c
C  [HIToolbox+0x5cd5d]  TSMProcessRawKeyEventWithOptionsAndCompletionHandler+0xe14
C  [AppKit+0x9813e2]  __61-[NSTextInputContext _handleEvent:options:completionHandler:]_block_invoke.885+0x74
C  [AppKit+0x980e91]  __204-[NSTextInputContext tryTSMProcessRawKeyEvent_orSubstitution:dispatchCondition:setupForDispatch:furtherCondition:doubleSpaceSubstitutionCondition:doubleSpaceSubstitutionWork:dispatchTSMWork:continuation:]_block_invoke.817+0x79
C  [AppKit+0x980cfb]  -[NSTextInputContext tryTSMProcessRawKeyEvent_orSubstitution:dispatchCondition:setupForDispatch:furtherCondition:doubleSpaceSubstitutionCondition:doubleSpaceSubstitutionWork:dispatchTSMWork:continuation:]+0x11d
C  [AppKit+0x1da62f]  -[NSTextInputContext _handleEvent:options:completionHandler:]+0x512
C  [AppKit+0x1da0e2]  -[NSTextInputContext handleEvent:]+0x6d
C  [AppKit+0x1d9fe9]  -[NSView interpretKeyEvents:]+0xe8
C  [libawt_lwawt.dylib+0x4b99]  -[AWTView keyDown:]+0x55
C  [AppKit+0x8b975c]  -[NSWindow(NSEventRouting) _reallySendEvent:isDelayedEvent:]+0xff6
C  [AppKit+0x8b839a]  -[NSWindow(NSEventRouting) sendEvent:]+0x21d
C  [libawt_lwawt.dylib+0x8a6b]  -[AWTWindow_Normal sendEvent:]+0x56
C  [AppKit+0x759580]  -[NSApplication(NSEvent) sendEvent:]+0x12a0
C  [libosxapp.dylib+0x232c]  -[NSApplicationAWT sendEvent:]+0x17a
C  [AppKit+0x3afe9]  -[NSApplication run]+0x3ea
C  [libosxapp.dylib+0x214d]  +[NSApplicationAWT runAWTLoopWithApp:]+0x9c
C  [libawt_lwawt.dylib+0x44517]  -[AWTStarter starter:]+0x389
C  [Foundation+0x71f2a]  __NSThreadPerformPerform+0x146
C  [CoreFoundation+0xa7551]  __CFRUNLOOP_IS_CALLING_OUT_TO_A_SOURCE0_PERFORM_FUNCTION__+0x11
C  [CoreFoundation+0x886bd]  __CFRunLoopDoSources0+0x22d
C  [CoreFoundation+0x87bb6]  __CFRunLoopRun+0x3a6
C  [CoreFoundation+0x875b4]  CFRunLoopRunSpecific+0x1a4
C  [java+0x6463]  CreateExecutionEnvironment+0x367
C  [java+0x21ac]  JLI_Launch+0x7a0
C  [java+0x84c0]  main+0x65
C  [java+0x1a04]  start+0x34
C  0x0000000000000005


---------------  P R O C E S S  ---------------

Java Threads: ( => current thread )
  0x00007fab2a80c000 JavaThread "TimerQueue" daemon [_thread_blocked, id=75603, stack(0x0000700007287000,0x0000700007387000)]
  0x00007fab2834f800 JavaThread "DestroyJavaVM" [_thread_blocked, id=7171, stack(0x00007000055a7000,0x00007000056a7000)]
  0x00007fab26a92000 JavaThread "AWT-EventQueue-0" [_thread_in_native, id=72459, stack(0x0000700007184000,0x0000700007284000)]
  0x00007fab28183800 JavaThread "Java2D Disposer" daemon [_thread_blocked, id=64779, stack(0x0000700006f7b000,0x000070000707b000)]
  0x00007fab279f8800 JavaThread "Java2D Queue Flusher" daemon [_thread_blocked, id=65287, stack(0x0000700006e78000,0x0000700006f78000)]
  0x00007fab269da800 JavaThread "Keep-Alive-Timer" daemon [_thread_blocked, id=63815, stack(0x0000700006d75000,0x0000700006e75000)]
  0x00007fab2691c000 JavaThread "AWT-Shutdown" [_thread_blocked, id=32287, stack(0x0000700006963000,0x0000700006a63000)]
=>0x00007fab28092800 JavaThread "AppKit Thread" daemon [_thread_in_native, id=2059, stack(0x00007fff5ba67000,0x00007fff5c267000)]
  0x00007fab2702a800 JavaThread "Service Thread" daemon [_thread_blocked, id=21251, stack(0x00007000066da000,0x00007000067da000)]
  0x00007fab27029800 JavaThread "C1 CompilerThread3" daemon [_thread_blocked, id=20739, stack(0x00007000065d7000,0x00007000066d7000)]
  0x00007fab27029000 JavaThread "C2 CompilerThread2" daemon [_thread_blocked, id=20227, stack(0x00007000064d4000,0x00007000065d4000)]
  0x00007fab2783e000 JavaThread "C2 CompilerThread1" daemon [_thread_blocked, id=19715, stack(0x00007000063d1000,0x00007000064d1000)]
  0x00007fab2783c800 JavaThread "C2 CompilerThread0" daemon [_thread_blocked, id=19203, stack(0x00007000062ce000,0x00007000063ce000)]
  0x00007fab2784d800 JavaThread "Signal Dispatcher" daemon [_thread_blocked, id=18691, stack(0x00007000061cb000,0x00007000062cb000)]
  0x00007fab2782e800 JavaThread "Finalizer" daemon [_thread_blocked, id=14595, stack(0x00007000060c8000,0x00007000061c8000)]
  0x00007fab2782d800 JavaThread "Reference Handler" daemon [_thread_blocked, id=14083, stack(0x0000700005fc5000,0x00007000060c5000)]

Other Threads:
  0x00007fab2782b000 VMThread [stack: 0x0000700005ec2000,0x0000700005fc2000] [id=13571]
  0x00007fab26812000 WatcherThread [stack: 0x00007000067dd000,0x00007000068dd000] [id=21763]

VM state:not at safepoint (normal execution)

VM Mutex/Monitor currently owned by a thread: None

Heap:
 PSYoungGen      total 76288K, used 40661K [0x000000076ab00000, 0x0000000770000000, 0x00000007c0000000)
  eden space 65536K, 62% used [0x000000076ab00000,0x000000076d2b54b0,0x000000076eb00000)
  from space 10752K, 0% used [0x000000076f580000,0x000000076f580000,0x0000000770000000)
  to   space 10752K, 0% used [0x000000076eb00000,0x000000076eb00000,0x000000076f580000)
 ParOldGen       total 175104K, used 0K [0x00000006c0000000, 0x00000006cab00000, 0x000000076ab00000)
  object space 175104K, 0% used [0x00000006c0000000,0x00000006c0000000,0x00000006cab00000)
 Metaspace       used 16324K, capacity 16568K, committed 17024K, reserved 1064960K
  class space    used 1971K, capacity 2051K, committed 2176K, reserved 1048576K

Card table byte_map: [0x0000000105f49000,0x000000010674a000] byte_map_base: 0x0000000102949000

Marking Bits: (ParMarkBitMap*) 0x00000001054dee20
 Begin Bits: [0x0000000106ca0000, 0x000000010aca0000)
 End Bits:   [0x000000010aca0000, 0x000000010eca0000)

Polling page: 0x0000000103a6f000

CodeCache: size=245760Kb used=4777Kb max_used=4777Kb free=240982Kb
 bounds [0x00000001125db000, 0x0000000112a8b000, 0x00000001215db000]
 total_blobs=2035 nmethods=1455 adapters=493
 compilation: enabled

Compilation events (10 events):
Event: 9.006 Thread 0x00007fab27029800 1451       3       sun.lwawt.macosx.NSEvent::nsToJavaEventType (186 bytes)
Event: 9.006 Thread 0x00007fab27029800 nmethod 1451 0x0000000112a865d0 code [0x0000000112a86740, 0x0000000112a86a10]
Event: 9.006 Thread 0x00007fab27029800 1452   !   3       sun.lwawt.LWComponentPeer::isVisible (19 bytes)
Event: 9.007 Thread 0x00007fab27029800 nmethod 1452 0x0000000112a86a90 code [0x0000000112a86c00, 0x0000000112a86f70]
Event: 9.007 Thread 0x00007fab27029800 1453       3       java.security.ProtectionDomain$JavaSecurityAccessImpl::getCombinedACC (30 bytes)
Event: 9.007 Thread 0x00007fab27029800 nmethod 1453 0x0000000112a87050 code [0x0000000112a871e0, 0x0000000112a876f8]
Event: 9.540 Thread 0x00007fab27029800 1455       3       java.lang.Enum::equals (11 bytes)
Event: 9.540 Thread 0x00007fab27029800 nmethod 1455 0x0000000112a87890 code [0x0000000112a87a00, 0x0000000112a87bb0]
Event: 9.540 Thread 0x00007fab27029800 1454       1       java.beans.PropertyChangeEvent::getNewValue (5 bytes)
Event: 9.540 Thread 0x00007fab27029800 nmethod 1454 0x0000000112a87c10 code [0x0000000112a87d60, 0x0000000112a87e70]

GC Heap History (0 events):
No events

Deoptimization events (10 events):
Event: 5.267 Thread 0x00007fab26a92000 Uncommon trap: reason=bimorphic action=maybe_recompile pc=0x000000011289fe80 method=java.io.DataInputStream.readChar()C @ 4
Event: 5.267 Thread 0x00007fab26a92000 Uncommon trap: reason=bimorphic action=maybe_recompile pc=0x000000011289fe80 method=java.io.DataInputStream.readChar()C @ 4
Event: 5.267 Thread 0x00007fab26a92000 Uncommon trap: reason=bimorphic action=maybe_recompile pc=0x000000011289fe80 method=java.io.DataInputStream.readChar()C @ 4
Event: 5.267 Thread 0x00007fab26a92000 Uncommon trap: reason=bimorphic action=maybe_recompile pc=0x000000011289fe80 method=java.io.DataInputStream.readChar()C @ 4
Event: 5.365 Thread 0x00007fab28092800 Uncommon trap: reason=unstable_if action=reinterpret pc=0x00000001129970ec method=java.util.HashMap.putVal(ILjava/lang/Object;Ljava/lang/Object;ZZ)Ljava/lang/Object; @ 81
Event: 5.365 Thread 0x00007fab28092800 Uncommon trap: reason=unstable_if action=reinterpret pc=0x0000000112847d1c method=java.util.HashMap.putVal(ILjava/lang/Object;Ljava/lang/Object;ZZ)Ljava/lang/Object; @ 81
Event: 6.392 Thread 0x00007fab26a92000 Uncommon trap: reason=class_check action=maybe_recompile pc=0x00000001127439dc method=java.lang.String.equals(Ljava/lang/Object;)Z @ 8
Event: 6.392 Thread 0x00007fab26a92000 Uncommon trap: reason=class_check action=maybe_recompile pc=0x00000001127439dc method=java.lang.String.equals(Ljava/lang/Object;)Z @ 8
Event: 6.392 Thread 0x00007fab26a92000 Uncommon trap: reason=class_check action=maybe_recompile pc=0x00000001127439dc method=java.lang.String.equals(Ljava/lang/Object;)Z @ 8
Event: 6.392 Thread 0x00007fab26a92000 Uncommon trap: reason=class_check action=maybe_recompile pc=0x00000001127439dc method=java.lang.String.equals(Ljava/lang/Object;)Z @ 8

Internal exceptions (10 events):
Event: 0.123 Thread 0x00007fab27802000 Exception <a 'java/lang/NoSuchFieldError': method resolution failed> (0x000000076af11560) thrown at [/Users/java_re/workspace/8-2-build-macosx-x86_64/jdk8u60/4407/hotspot/src/share/vm/prims/methodHandles.cpp, line 1146]
Event: 0.124 Thread 0x00007fab27802000 Exception <a 'java/lang/NoSuchFieldError': method resolution failed> (0x000000076af1ed30) thrown at [/Users/java_re/workspace/8-2-build-macosx-x86_64/jdk8u60/4407/hotspot/src/share/vm/prims/methodHandles.cpp, line 1146]
Event: 0.257 Thread 0x00007fab27802000 Exception <a 'java/io/FileNotFoundException'> (0x000000076af99f08) thrown at [/Users/java_re/workspace/8-2-build-macosx-x86_64/jdk8u60/4407/hotspot/src/share/vm/prims/jni.cpp, line 709]
Event: 0.257 Thread 0x00007fab27802000 Exception <a 'java/io/FileNotFoundException'> (0x000000076af9aa70) thrown at [/Users/java_re/workspace/8-2-build-macosx-x86_64/jdk8u60/4407/hotspot/src/share/vm/prims/jni.cpp, line 709]
Event: 0.970 Thread 0x00007fab27802000 Exception <a 'java/io/FileNotFoundException'> (0x000000076be04a68) thrown at [/Users/java_re/workspace/8-2-build-macosx-x86_64/jdk8u60/4407/hotspot/src/share/vm/prims/jni.cpp, line 709]
Event: 0.972 Thread 0x00007fab2791b000 Implicit null exception at 0x00000001128b84b5 to 0x00000001128b8819
Event: 1.717 Thread 0x00007fab27802000 Implicit null exception at 0x00000001128a5735 to 0x00000001128a5989
Event: 1.717 Thread 0x00007fab27802000 Implicit null exception at 0x000000011288639b to 0x00000001128868f1
Event: 1.720 Thread 0x00007fab27802000 Implicit null exception at 0x000000011289ab2f to 0x000000011289ab99
Event: 7.533 Thread 0x00007fab28092800 Exception <a 'java/lang/NullPointerException'> (0x000000076b08e320) thrown at [/Users/java_re/workspace/8-2-build-macosx-x86_64/jdk8u60/4407/hotspot/src/share/vm/prims/jni.cpp, line 1318]

Events (10 events):
Event: 7.535 loading class java/lang/Throwable$PrintStreamOrWriter done
Event: 7.535 loading class java/lang/Throwable$WrappedPrintWriter done
Event: 7.581 loading class javax/swing/JMenu
Event: 7.581 loading class javax/swing/MenuElement
Event: 7.581 loading class javax/swing/MenuElement done
Event: 7.581 loading class javax/swing/JMenuItem
Event: 7.581 loading class javax/swing/JMenuItem done
Event: 7.581 loading class javax/swing/JMenu done
Event: 9.006 loading class java/awt/LightweightDispatcher$2
Event: 9.006 loading class java/awt/LightweightDispatcher$2 done


Dynamic libraries:
0x0000000052e03000 	/System/Library/Frameworks/Cocoa.framework/Versions/A/Cocoa
0x0000000052e03000 	/System/Library/Frameworks/Security.framework/Versions/A/Security
0x0000000052e03000 	/System/Library/Frameworks/ApplicationServices.framework/Versions/A/ApplicationServices
0x0000000052e03000 	/usr/lib/libz.1.dylib
0x0000000052e03000 	/usr/lib/libSystem.B.dylib
0x0000000052e03000 	/usr/lib/libobjc.A.dylib
0x0000000052e03000 	/System/Library/Frameworks/CoreFoundation.framework/Versions/A/CoreFoundation
0x0000000052e03000 	/System/Library/Frameworks/Foundation.framework/Versions/C/Foundation
0x0000000052e03000 	/System/Library/Frameworks/AppKit.framework/Versions/C/AppKit
0x0000000052e03000 	/System/Library/Frameworks/CoreData.framework/Versions/A/CoreData
0x0000000052e03000 	/System/Library/PrivateFrameworks/RemoteViewServices.framework/Versions/A/RemoteViewServices
0x0000000052e03000 	/System/Library/PrivateFrameworks/UIFoundation.framework/Versions/A/UIFoundation
0x0000000052e03000 	/usr/lib/libenergytrace.dylib
0x0000000052e03000 	/System/Library/PrivateFrameworks/SkyLight.framework/Versions/A/SkyLight
0x0000000052e03000 	/System/Library/Frameworks/CoreGraphics.framework/Versions/A/CoreGraphics
0x0000000052e03000 	/usr/lib/libScreenReader.dylib
0x0000000052e03000 	/System/Library/Frameworks/Accelerate.framework/Versions/A/Accelerate
0x0000000052e03000 	/System/Library/Frameworks/IOSurface.framework/Versions/A/IOSurface
0x0000000052e03000 	/System/Library/Frameworks/AudioToolbox.framework/Versions/A/AudioToolbox
0x0000000052e03000 	/System/Library/Frameworks/AudioUnit.framework/Versions/A/AudioUnit
0x0000000052e03000 	/System/Library/PrivateFrameworks/DataDetectorsCore.framework/Versions/A/DataDetectorsCore
0x0000000052e03000 	/System/Library/PrivateFrameworks/DesktopServicesPriv.framework/Versions/A/DesktopServicesPriv
0x0000000052e03000 	/System/Library/Frameworks/Carbon.framework/Versions/A/Frameworks/HIToolbox.framework/Versions/A/HIToolbox
0x0000000052e03000 	/usr/lib/libicucore.A.dylib
0x0000000052e03000 	/System/Library/Frameworks/QuartzCore.framework/Versions/A/QuartzCore
0x0000000052e03000 	/System/Library/Frameworks/Carbon.framework/Versions/A/Frameworks/SpeechRecognition.framework/Versions/A/SpeechRecognition
0x0000000052e03000 	/usr/lib/libauto.dylib
0x0000000052e03000 	/usr/lib/libxml2.2.dylib
0x0000000052e03000 	/System/Library/PrivateFrameworks/CoreUI.framework/Versions/A/CoreUI
0x0000000052e03000 	/System/Library/Frameworks/CoreAudio.framework/Versions/A/CoreAudio
0x0000000052e03000 	/System/Library/Frameworks/DiskArbitration.framework/Versions/A/DiskArbitration
0x0000000052e03000 	/usr/lib/liblangid.dylib
0x0000000052e03000 	/System/Library/PrivateFrameworks/MultitouchSupport.framework/Versions/A/MultitouchSupport
0x0000000052e03000 	/System/Library/Frameworks/IOKit.framework/Versions/A/IOKit
0x0000000052e03000 	/usr/lib/libDiagnosticMessagesClient.dylib
0x0000000052e03000 	/System/Library/Frameworks/CoreServices.framework/Versions/A/CoreServices
0x0000000052e03000 	/System/Library/PrivateFrameworks/PerformanceAnalysis.framework/Versions/A/PerformanceAnalysis
0x0000000052e03000 	/System/Library/PrivateFrameworks/GenerationalStorage.framework/Versions/A/GenerationalStorage
0x0000000052e03000 	/System/Library/Frameworks/OpenGL.framework/Versions/A/OpenGL
0x0000000052e03000 	/System/Library/Frameworks/CoreImage.framework/Versions/A/CoreImage
0x0000000052e03000 	/System/Library/Frameworks/CoreText.framework/Versions/A/CoreText
0x0000000052e03000 	/System/Library/Frameworks/ImageIO.framework/Versions/A/ImageIO
0x0000000052e03000 	/System/Library/PrivateFrameworks/Backup.framework/Versions/A/Backup
0x0000000052e03000 	/usr/lib/libarchive.2.dylib
0x0000000052e03000 	/System/Library/Frameworks/CFNetwork.framework/Versions/A/CFNetwork
0x0000000052e03000 	/System/Library/Frameworks/SystemConfiguration.framework/Versions/A/SystemConfiguration
0x0000000052e03000 	/usr/lib/libCRFSuite.dylib
0x0000000052e03000 	/usr/lib/libc++.1.dylib
0x0000000052e03000 	/usr/lib/libc++abi.dylib
0x0000000052e03000 	/usr/lib/system/libcache.dylib
0x0000000052e03000 	/usr/lib/system/libcommonCrypto.dylib
0x0000000052e03000 	/usr/lib/system/libcompiler_rt.dylib
0x0000000052e03000 	/usr/lib/system/libcopyfile.dylib
0x0000000052e03000 	/usr/lib/system/libcorecrypto.dylib
0x0000000052e03000 	/usr/lib/system/libdispatch.dylib
0x0000000052e03000 	/usr/lib/system/libdyld.dylib
0x0000000052e03000 	/usr/lib/system/libkeymgr.dylib
0x0000000052e03000 	/usr/lib/system/liblaunch.dylib
0x0000000052e03000 	/usr/lib/system/libmacho.dylib
0x0000000052e03000 	/usr/lib/system/libquarantine.dylib
0x0000000052e03000 	/usr/lib/system/libremovefile.dylib
0x0000000052e03000 	/usr/lib/system/libsystem_asl.dylib
0x0000000052e03000 	/usr/lib/system/libsystem_blocks.dylib
0x0000000052e03000 	/usr/lib/system/libsystem_c.dylib
0x0000000052e03000 	/usr/lib/system/libsystem_configuration.dylib
0x0000000052e03000 	/usr/lib/system/libsystem_coreservices.dylib
0x0000000052e03000 	/usr/lib/system/libsystem_coretls.dylib
0x0000000052e03000 	/usr/lib/system/libsystem_dnssd.dylib
0x0000000052e03000 	/usr/lib/system/libsystem_info.dylib
0x0000000052e03000 	/usr/lib/system/libsystem_kernel.dylib
0x0000000052e03000 	/usr/lib/system/libsystem_m.dylib
0x0000000052e03000 	/usr/lib/system/libsystem_malloc.dylib
0x0000000052e03000 	/usr/lib/system/libsystem_network.dylib
0x0000000052e03000 	/usr/lib/system/libsystem_networkextension.dylib
0x0000000052e03000 	/usr/lib/system/libsystem_notify.dylib
0x0000000052e03000 	/usr/lib/system/libsystem_platform.dylib
0x0000000052e03000 	/usr/lib/system/libsystem_pthread.dylib
0x0000000052e03000 	/usr/lib/system/libsystem_sandbox.dylib
0x0000000052e03000 	/usr/lib/system/libsystem_secinit.dylib
0x0000000052e03000 	/usr/lib/system/libsystem_symptoms.dylib
0x0000000052e03000 	/usr/lib/system/libsystem_trace.dylib
0x0000000052e03000 	/usr/lib/system/libunwind.dylib
0x0000000052e03000 	/usr/lib/system/libxpc.dylib
0x0000000052e03000 	/usr/lib/libbsm.0.dylib
0x0000000052e03000 	/usr/lib/system/libkxld.dylib
0x0000000052e03000 	/usr/lib/libcoretls.dylib
0x0000000052e03000 	/usr/lib/libcoretls_cfhelpers.dylib
0x0000000052e03000 	/usr/lib/libxar.1.dylib
0x0000000052e03000 	/usr/lib/libsqlite3.dylib
0x0000000052e03000 	/usr/lib/libpam.2.dylib
0x0000000052e03000 	/usr/lib/libOpenScriptingUtil.dylib
0x0000000052e03000 	/usr/lib/libbz2.1.0.dylib
0x0000000052e03000 	/usr/lib/liblzma.5.dylib
0x0000000052e03000 	/usr/lib/libnetwork.dylib
0x0000000052e03000 	/usr/lib/libpcap.A.dylib
0x0000000052e03000 	/System/Library/Frameworks/CoreServices.framework/Versions/A/Frameworks/FSEvents.framework/Versions/A/FSEvents
0x0000000052e03000 	/System/Library/Frameworks/CoreServices.framework/Versions/A/Frameworks/CarbonCore.framework/Versions/A/CarbonCore
0x0000000052e03000 	/System/Library/Frameworks/CoreServices.framework/Versions/A/Frameworks/Metadata.framework/Versions/A/Metadata
0x0000000052e03000 	/System/Library/Frameworks/CoreServices.framework/Versions/A/Frameworks/OSServices.framework/Versions/A/OSServices
0x0000000052e03000 	/System/Library/Frameworks/CoreServices.framework/Versions/A/Frameworks/SearchKit.framework/Versions/A/SearchKit
0x0000000052e03000 	/System/Library/Frameworks/CoreServices.framework/Versions/A/Frameworks/AE.framework/Versions/A/AE
0x0000000052e03000 	/System/Library/Frameworks/CoreServices.framework/Versions/A/Frameworks/LaunchServices.framework/Versions/A/LaunchServices
0x0000000052e03000 	/System/Library/Frameworks/CoreServices.framework/Versions/A/Frameworks/DictionaryServices.framework/Versions/A/DictionaryServices
0x0000000052e03000 	/System/Library/Frameworks/CoreServices.framework/Versions/A/Frameworks/SharedFileList.framework/Versions/A/SharedFileList
0x0000000052e03000 	/System/Library/Frameworks/NetFS.framework/Versions/A/NetFS
0x0000000052e03000 	/System/Library/PrivateFrameworks/NetAuth.framework/Versions/A/NetAuth
0x0000000052e03000 	/System/Library/PrivateFrameworks/login.framework/Versions/A/Frameworks/loginsupport.framework/Versions/A/loginsupport
0x0000000052e03000 	/System/Library/PrivateFrameworks/TCC.framework/Versions/A/TCC
0x0000000052e03000 	/usr/lib/libmecabra.dylib
0x0000000052e03000 	/System/Library/Frameworks/ApplicationServices.framework/Versions/A/Frameworks/ATS.framework/Versions/A/ATS
0x0000000052e03000 	/System/Library/Frameworks/ApplicationServices.framework/Versions/A/Frameworks/ColorSync.framework/Versions/A/ColorSync
0x0000000052e03000 	/System/Library/Frameworks/ApplicationServices.framework/Versions/A/Frameworks/HIServices.framework/Versions/A/HIServices
0x0000000052e03000 	/System/Library/Frameworks/ApplicationServices.framework/Versions/A/Frameworks/LangAnalysis.framework/Versions/A/LangAnalysis
0x0000000052e03000 	/System/Library/Frameworks/ApplicationServices.framework/Versions/A/Frameworks/PrintCore.framework/Versions/A/PrintCore
0x0000000052e03000 	/System/Library/Frameworks/ApplicationServices.framework/Versions/A/Frameworks/QD.framework/Versions/A/QD
0x0000000052e03000 	/System/Library/Frameworks/ApplicationServices.framework/Versions/A/Frameworks/SpeechSynthesis.framework/Versions/A/SpeechSynthesis
0x0000000052e03000 	/System/Library/Frameworks/Accelerate.framework/Versions/A/Frameworks/vImage.framework/Versions/A/vImage
0x0000000052e03000 	/System/Library/Frameworks/Accelerate.framework/Versions/A/Frameworks/vecLib.framework/Versions/A/vecLib
0x0000000052e03000 	/System/Library/Frameworks/Accelerate.framework/Versions/A/Frameworks/vecLib.framework/Versions/A/libvDSP.dylib
0x0000000052e03000 	/System/Library/Frameworks/Accelerate.framework/Versions/A/Frameworks/vecLib.framework/Versions/A/libBNNS.dylib
0x0000000052e03000 	/System/Library/Frameworks/Accelerate.framework/Versions/A/Frameworks/vecLib.framework/Versions/A/libQuadrature.dylib
0x0000000052e03000 	/System/Library/Frameworks/Accelerate.framework/Versions/A/Frameworks/vecLib.framework/Versions/A/libvMisc.dylib
0x0000000052e03000 	/System/Library/Frameworks/Accelerate.framework/Versions/A/Frameworks/vecLib.framework/Versions/A/libLAPACK.dylib
0x0000000052e03000 	/System/Library/Frameworks/Accelerate.framework/Versions/A/Frameworks/vecLib.framework/Versions/A/libBLAS.dylib
0x0000000052e03000 	/System/Library/Frameworks/Accelerate.framework/Versions/A/Frameworks/vecLib.framework/Versions/A/libLinearAlgebra.dylib
0x0000000052e03000 	/System/Library/Frameworks/Accelerate.framework/Versions/A/Frameworks/vecLib.framework/Versions/A/libSparseBLAS.dylib
0x0000000052e03000 	/System/Library/Frameworks/ApplicationServices.framework/Versions/A/Frameworks/ATS.framework/Versions/A/Resources/libFontParser.dylib
0x0000000052e03000 	/System/Library/Frameworks/ApplicationServices.framework/Versions/A/Frameworks/ATS.framework/Versions/A/Resources/libFontRegistry.dylib
0x0000000052e03000 	/System/Library/Frameworks/ImageIO.framework/Versions/A/Resources/libJPEG.dylib
0x0000000052e03000 	/System/Library/Frameworks/ImageIO.framework/Versions/A/Resources/libTIFF.dylib
0x0000000052e03000 	/System/Library/Frameworks/ImageIO.framework/Versions/A/Resources/libPng.dylib
0x0000000052e03000 	/System/Library/Frameworks/ImageIO.framework/Versions/A/Resources/libGIF.dylib
0x0000000052e03000 	/System/Library/Frameworks/ImageIO.framework/Versions/A/Resources/libJP2.dylib
0x0000000052e03000 	/System/Library/Frameworks/ImageIO.framework/Versions/A/Resources/libRadiance.dylib
0x0000000052e03000 	/usr/lib/libcompression.dylib
0x0000000052e03000 	/System/Library/PrivateFrameworks/AppleJPEG.framework/Versions/A/AppleJPEG
0x0000000052e03000 	/usr/lib/libcups.2.dylib
0x0000000052e03000 	/System/Library/Frameworks/Kerberos.framework/Versions/A/Kerberos
0x0000000052e03000 	/System/Library/Frameworks/GSS.framework/Versions/A/GSS
0x0000000052e03000 	/usr/lib/libresolv.9.dylib
0x0000000052e03000 	/usr/lib/libiconv.2.dylib
0x0000000052e03000 	/System/Library/PrivateFrameworks/Heimdal.framework/Versions/A/Heimdal
0x0000000052e03000 	/usr/lib/libheimdal-asn1.dylib
0x0000000052e03000 	/System/Library/Frameworks/OpenDirectory.framework/Versions/A/OpenDirectory
0x0000000052e03000 	/System/Library/PrivateFrameworks/CommonAuth.framework/Versions/A/CommonAuth
0x0000000052e03000 	/System/Library/Frameworks/OpenDirectory.framework/Versions/A/Frameworks/CFOpenDirectory.framework/Versions/A/CFOpenDirectory
0x0000000052e03000 	/System/Library/Frameworks/SecurityFoundation.framework/Versions/A/SecurityFoundation
0x0000000052e03000 	/System/Library/PrivateFrameworks/LanguageModeling.framework/Versions/A/LanguageModeling
0x0000000052e03000 	/usr/lib/libmarisa.dylib
0x0000000052e03000 	/usr/lib/libChineseTokenizer.dylib
0x0000000052e03000 	/usr/lib/libcmph.dylib
0x0000000052e03000 	/System/Library/PrivateFrameworks/CoreEmoji.framework/Versions/A/CoreEmoji
0x0000000052e03000 	/System/Library/Frameworks/ServiceManagement.framework/Versions/A/ServiceManagement
0x0000000052e03000 	/usr/lib/libxslt.1.dylib
0x0000000052e03000 	/System/Library/Frameworks/Carbon.framework/Versions/A/Frameworks/Ink.framework/Versions/A/Ink
0x0000000052e03000 	/System/Library/PrivateFrameworks/TextureIO.framework/Versions/A/TextureIO
0x0000000052e03000 	/System/Library/Frameworks/Metal.framework/Versions/A/Metal
0x0000000052e03000 	/usr/lib/libate.dylib
0x0000000052e03000 	/System/Library/PrivateFrameworks/GPUCompiler.framework/libmetal_timestamp.dylib
0x0000000052e03000 	/System/Library/Frameworks/OpenGL.framework/Versions/A/Libraries/libCoreFSCache.dylib
0x0000000052e03000 	/System/Library/PrivateFrameworks/IOAccelerator.framework/Versions/A/IOAccelerator
0x0000000052e03000 	/System/Library/Frameworks/CoreVideo.framework/Versions/A/CoreVideo
0x0000000052e03000 	/usr/lib/libFosl_dynamic.dylib
0x0000000052e03000 	/System/Library/PrivateFrameworks/MetalPerformanceShaders.framework/Versions/A/MetalPerformanceShaders
0x0000000052e03000 	/System/Library/PrivateFrameworks/FaceCore.framework/Versions/A/FaceCore
0x0000000052e03000 	/System/Library/Frameworks/OpenCL.framework/Versions/A/OpenCL
0x0000000052e03000 	/System/Library/Frameworks/OpenGL.framework/Versions/A/Libraries/libGLU.dylib
0x0000000052e03000 	/System/Library/Frameworks/OpenGL.framework/Versions/A/Libraries/libGFXShared.dylib
0x0000000052e03000 	/System/Library/Frameworks/OpenGL.framework/Versions/A/Libraries/libGL.dylib
0x0000000052e03000 	/System/Library/Frameworks/OpenGL.framework/Versions/A/Libraries/libGLImage.dylib
0x0000000052e03000 	/System/Library/Frameworks/OpenGL.framework/Versions/A/Libraries/libCVMSPluginSupport.dylib
0x0000000052e03000 	/System/Library/Frameworks/OpenGL.framework/Versions/A/Libraries/libCoreVMClient.dylib
0x0000000052e03000 	/System/Library/PrivateFrameworks/CrashReporterSupport.framework/Versions/A/CrashReporterSupport
0x0000000052e03000 	/System/Library/PrivateFrameworks/Sharing.framework/Versions/A/Sharing
0x0000000052e03000 	/System/Library/PrivateFrameworks/IconServices.framework/Versions/A/IconServices
0x0000000052e03000 	/System/Library/PrivateFrameworks/ProtocolBuffer.framework/Versions/A/ProtocolBuffer
0x0000000052e03000 	/System/Library/PrivateFrameworks/Apple80211.framework/Versions/A/Apple80211
0x0000000052e03000 	/System/Library/Frameworks/CoreWLAN.framework/Versions/A/CoreWLAN
0x0000000052e03000 	/System/Library/PrivateFrameworks/CoreUtils.framework/Versions/A/CoreUtils
0x0000000052e03000 	/System/Library/Frameworks/IOBluetooth.framework/Versions/A/IOBluetooth
0x0000000052e03000 	/System/Library/PrivateFrameworks/CoreWiFi.framework/Versions/A/CoreWiFi
0x0000000052e03000 	/System/Library/Frameworks/CoreBluetooth.framework/Versions/A/CoreBluetooth
0x0000000052e03000 	/System/Library/Frameworks/CoreDisplay.framework/Versions/A/CoreDisplay
0x0000000052e03000 	/System/Library/PrivateFrameworks/IOPresentment.framework/Versions/A/IOPresentment
0x0000000052e03000 	/System/Library/PrivateFrameworks/DebugSymbols.framework/Versions/A/DebugSymbols
0x0000000052e03000 	/System/Library/PrivateFrameworks/CoreSymbolication.framework/Versions/A/CoreSymbolication
0x0000000052e03000 	/System/Library/PrivateFrameworks/Symbolication.framework/Versions/A/Symbolication
0x0000000052e03000 	/System/Library/PrivateFrameworks/AppleFSCompression.framework/Versions/A/AppleFSCompression
0x0000000052e03000 	/System/Library/PrivateFrameworks/SpeechRecognitionCore.framework/Versions/A/SpeechRecognitionCore
0x0000000052e03000 	/System/Library/PrivateFrameworks/ChunkingLibrary.framework/Versions/A/ChunkingLibrary
0x00000001039e8000 	/System/Library/CoreServices/Encodings/libSimplifiedChineseConverter.dylib
0x0000000104c00000 	/Library/Java/JavaVirtualMachines/jdk1.8.0_60.jdk/Contents/Home/jre/lib/server/libjvm.dylib
0x0000000052e03000 	/usr/lib/libstdc++.6.dylib
0x0000000103a2c000 	/Library/Java/JavaVirtualMachines/jdk1.8.0_60.jdk/Contents/Home/jre/lib/libverify.dylib
0x0000000103a3a000 	/Library/Java/JavaVirtualMachines/jdk1.8.0_60.jdk/Contents/Home/jre/lib/libjava.dylib
0x0000000103a79000 	/Library/Java/JavaVirtualMachines/jdk1.8.0_60.jdk/Contents/Home/jre/lib/libzip.dylib
0x0000000111ad5000 	/System/Library/Frameworks/JavaVM.framework/Frameworks/JavaRuntimeSupport.framework/JavaRuntimeSupport
0x0000000111aef000 	/System/Library/Frameworks/JavaVM.framework/Versions/A/Frameworks/JavaNativeFoundation.framework/Versions/A/JavaNativeFoundation
0x0000000103bec000 	/System/Library/Frameworks/JavaVM.framework/Versions/A/JavaVM
0x0000000052e03000 	/System/Library/Frameworks/Carbon.framework/Versions/A/Carbon
0x0000000111b04000 	/System/Library/PrivateFrameworks/JavaLaunching.framework/Versions/A/JavaLaunching
0x0000000052e03000 	/System/Library/Frameworks/Carbon.framework/Versions/A/Frameworks/CommonPanels.framework/Versions/A/CommonPanels
0x0000000052e03000 	/System/Library/Frameworks/Carbon.framework/Versions/A/Frameworks/Help.framework/Versions/A/Help
0x0000000052e03000 	/System/Library/Frameworks/Carbon.framework/Versions/A/Frameworks/ImageCapture.framework/Versions/A/ImageCapture
0x0000000052e03000 	/System/Library/Frameworks/Carbon.framework/Versions/A/Frameworks/OpenScripting.framework/Versions/A/OpenScripting
0x0000000052e03000 	/System/Library/Frameworks/Carbon.framework/Versions/A/Frameworks/Print.framework/Versions/A/Print
0x0000000052e03000 	/System/Library/Frameworks/Carbon.framework/Versions/A/Frameworks/SecurityHI.framework/Versions/A/SecurityHI
0x0000000111b60000 	/Library/Java/JavaVirtualMachines/jdk1.8.0_60.jdk/Contents/Home/jre/lib/libawt.dylib
0x0000000111c08000 	/Library/Java/JavaVirtualMachines/jdk1.8.0_60.jdk/Contents/Home/jre/lib/./libmlib_image.dylib
0x0000000111cd4000 	/Library/Java/JavaVirtualMachines/jdk1.8.0_60.jdk/Contents/Home/jre/lib/libawt_lwawt.dylib
0x0000000111d89000 	/Library/Java/JavaVirtualMachines/jdk1.8.0_60.jdk/Contents/Home/jre/lib/./libosxapp.dylib
0x0000000052e03000 	/System/Library/Frameworks/ExceptionHandling.framework/Versions/A/ExceptionHandling
0x0000000052e03000 	/System/Library/PrivateFrameworks/CoreServicesInternal.framework/Versions/A/CoreServicesInternal
0x0000000052e03000 	/System/Library/CoreServices/RawCamera.bundle/Contents/MacOS/RawCamera
0x0000000052e03000 	/System/Library/Frameworks/Accelerate.framework/Versions/A/Frameworks/vImage.framework/Versions/A/Libraries/libCGInterfaces.dylib
0x0000000052e03000 	/System/Library/Frameworks/ApplicationServices.framework/Versions/A/Frameworks/ATS.framework/Versions/A/Resources/libTrueTypeScaler.dylib
0x0000000052e03000 	/System/Library/Frameworks/OpenGL.framework/Versions/A/Resources/GLEngine.bundle/GLEngine
0x0000000052e03000 	/System/Library/Frameworks/OpenGL.framework/Versions/A/Libraries/libGLProgrammability.dylib
0x0000000124910000 	/System/Library/Extensions/AppleIntelHD5000GraphicsGLDriver.bundle/Contents/MacOS/AppleIntelHD5000GraphicsGLDriver
0x0000000052e03000 	/System/Library/PrivateFrameworks/GPUSupport.framework/Versions/A/Libraries/libGPUSupportMercury.dylib
0x0000000052e03000 	/System/Library/Extensions/GeForceGLDriver.bundle/Contents/MacOS/GeForceGLDriver
0x0000000052e03000 	/System/Library/Extensions/GeForceGLDriver.bundle/Contents/MacOS/libclh.dylib
0x0000000052e03000 	/System/Library/Frameworks/OpenGL.framework/Versions/A/Resources/GLRendererFloat.bundle/GLRendererFloat
0x0000000052e03000 	/System/Library/Frameworks/OpenCL.framework/Versions/A/Libraries/libcldcpuengine.dylib
0x0000000052e03000 	/usr/lib/libcrypto.0.9.8.dylib
0x0000000052e03000 	/System/Library/PrivateFrameworks/TrustEvaluationAgent.framework/Versions/A/TrustEvaluationAgent
0x0000000052e03000 	/System/Library/Extensions/GeForceMTLDriver.bundle/Contents/MacOS/GeForceMTLDriver
0x00000001250aa000 	/System/Library/Extensions/AppleIntelHD5000GraphicsMTLDriver.bundle/Contents/MacOS/AppleIntelHD5000GraphicsMTLDriver
0x0000000052e03000 	/System/Library/PrivateFrameworks/FamilyControls.framework/Versions/A/FamilyControls
0x0000000052e03000 	/System/Library/PrivateFrameworks/CommerceKit.framework/Versions/A/Frameworks/CommerceCore.framework/Versions/A/CommerceCore
0x0000000052e03000 	/System/Library/PrivateFrameworks/SystemAdministration.framework/Versions/A/SystemAdministration
0x0000000052e03000 	/System/Library/PrivateFrameworks/AppContainer.framework/Versions/A/AppContainer
0x0000000052e03000 	/System/Library/PrivateFrameworks/SecCodeWrapper.framework/Versions/A/SecCodeWrapper
0x0000000052e03000 	/System/Library/Frameworks/DirectoryService.framework/Versions/A/DirectoryService
0x0000000052e03000 	/System/Library/PrivateFrameworks/DiskImages.framework/Versions/A/DiskImages
0x0000000052e03000 	/System/Library/PrivateFrameworks/LoginUIKit.framework/Versions/A/Frameworks/LoginUICore.framework/Versions/A/LoginUICore
0x0000000052e03000 	/usr/lib/libCoreStorage.dylib
0x0000000052e03000 	/usr/lib/libcsfde.dylib
0x0000000052e03000 	/usr/lib/libodfde.dylib
0x0000000052e03000 	/System/Library/Frameworks/DiscRecording.framework/Versions/A/DiscRecording
0x0000000052e03000 	/usr/lib/libcurl.4.dylib
0x0000000052e03000 	/System/Library/PrivateFrameworks/MediaKit.framework/Versions/A/MediaKit
0x0000000052e03000 	/System/Library/PrivateFrameworks/ProtectedCloudStorage.framework/Versions/A/ProtectedCloudStorage
0x0000000052e03000 	/System/Library/PrivateFrameworks/EFILogin.framework/Versions/A/EFILogin
0x0000000052e03000 	/usr/lib/libutil.dylib
0x0000000052e03000 	/System/Library/Frameworks/LDAP.framework/Versions/A/LDAP
0x0000000052e03000 	/usr/lib/libsasl2.2.dylib
0x0000000052e03000 	/System/Library/PrivateFrameworks/CoreDaemon.framework/Versions/B/CoreDaemon
0x0000000052e03000 	/System/Library/PrivateFrameworks/AppleSRP.framework/Versions/A/AppleSRP
0x0000000052e03000 	/System/Library/PrivateFrameworks/APFS.framework/Versions/A/APFS
0x0000000126491000 	/Library/Java/JavaVirtualMachines/jdk1.8.0_60.jdk/Contents/Home/jre/lib/libfontmanager.dylib
0x00000001264f8000 	/Library/Java/JavaVirtualMachines/jdk1.8.0_60.jdk/Contents/Home/jre/lib/libsunec.dylib
0x0000000126631000 	/Library/Java/JavaVirtualMachines/jdk1.8.0_60.jdk/Contents/Home/jre/lib/libnet.dylib
0x0000000052e03000 	/System/Library/PrivateFrameworks/ViewBridge.framework/Versions/A/ViewBridge
0x0000000052e03000 	/System/Library/PrivateFrameworks/XPCService.framework/Versions/A/XPCService
0x0000000052e03000 	/System/Library/PrivateFrameworks/AppSandbox.framework/Versions/A/AppSandbox
0x0000000052e03000 	/usr/lib/libsandbox.1.dylib
0x0000000052e03000 	/usr/lib/libMatch.1.dylib
0x00000001268c4000 	/Library/Java/JavaVirtualMachines/jdk1.8.0_60.jdk/Contents/Home/jre/lib/libjpeg.dylib
0x00000001278bc000 	/Library/Java/JavaVirtualMachines/jdk1.8.0_60.jdk/Contents/Home/jre/lib/libosxui.dylib
0x000000012f0ee000 	/Library/Java/JavaVirtualMachines/jdk1.8.0_60.jdk/Contents/Home/jre/lib/libnio.dylib
0x000000012e8b9000 	/Library/Java/JavaVirtualMachines/jdk1.8.0_60.jdk/Contents/Home/jre/lib/libdcpr.dylib

VM Arguments:
jvm_args: -Dfile.encoding=UTF-8 
java_command: Main
java_class_path (initial): /Users/Yang-Deng/Documents/workspace/OSS/bin:/Users/Yang-Deng/Desktop/gson-2.6.2.jar
Launcher Type: SUN_STANDARD

Environment Variables:
PATH=/usr/bin:/bin:/usr/sbin:/sbin
SHELL=/bin/bash
DISPLAY=/private/tmp/com.apple.launchd.b5MtOzw40X/org.macosforge.xquartz:0

Signal Handlers:
SIGSEGV: [libjvm.dylib+0x5a6d31], sa_mask[0]=11111111011111110111111111111111, sa_flags=SA_ONSTACK|SA_RESTART|SA_SIGINFO
SIGBUS: [libjvm.dylib+0x5a6d31], sa_mask[0]=11111111011111110111111111111111, sa_flags=SA_RESTART|SA_SIGINFO
SIGFPE: [libjvm.dylib+0x480a4c], sa_mask[0]=11111111011111110111111111111111, sa_flags=SA_RESTART|SA_SIGINFO
SIGPIPE: [libjvm.dylib+0x480a4c], sa_mask[0]=11111111011111110111111111111111, sa_flags=SA_RESTART|SA_SIGINFO
SIGXFSZ: [libjvm.dylib+0x480a4c], sa_mask[0]=11111111011111110111111111111111, sa_flags=SA_RESTART|SA_SIGINFO
SIGILL: [libjvm.dylib+0x480a4c], sa_mask[0]=11111111011111110111111111111111, sa_flags=SA_RESTART|SA_SIGINFO
SIGUSR1: SIG_DFL, sa_mask[0]=00000000000000000000000000000000, sa_flags=none
SIGUSR2: [libjvm.dylib+0x48056a], sa_mask[0]=00100000000000000000000000000000, sa_flags=SA_RESTART|SA_SIGINFO
SIGHUP: [libjvm.dylib+0x47eb41], sa_mask[0]=11111111011111110111111111111111, sa_flags=SA_RESTART|SA_SIGINFO
SIGINT: [libjvm.dylib+0x47eb41], sa_mask[0]=11111111011111110111111111111111, sa_flags=SA_RESTART|SA_SIGINFO
SIGTERM: [libjvm.dylib+0x47eb41], sa_mask[0]=11111111011111110111111111111111, sa_flags=SA_RESTART|SA_SIGINFO
SIGQUIT: [libjvm.dylib+0x47eb41], sa_mask[0]=11111111011111110111111111111111, sa_flags=SA_RESTART|SA_SIGINFO


---------------  S Y S T E M  ---------------

OS:Bsduname:Darwin 16.1.0 Darwin Kernel Version 16.1.0: Mon Sep 12 19:36:59 PDT 2016; root:xnu-3789.20.43~78/RELEASE_X86_64 x86_64
rlimit: STACK 8192k, CORE 0k, NPROC 709, NOFILE 10240, AS infinity
load average:1.77 1.91 1.84

CPU:total 8 (4 cores per cpu, 2 threads per core) family 6 model 70 stepping 1, cmov, cx8, fxsr, mmx, sse, sse2, sse3, ssse3, sse4.1, sse4.2, popcnt, avx, avx2, aes, clmul, erms, rtm, lzcnt, ht, tsc, tscinvbit, bmi1, bmi2

Memory: 4k page, physical 16777216k(146476k free)

/proc/meminfo:


vm_info: Java HotSpot(TM) 64-Bit Server VM (25.60-b23) for bsd-amd64 JRE (1.8.0_60-b27), built on Aug  4 2015 10:47:24 by "java_re" with gcc 4.2.1 (Based on Apple Inc. build 5658) (LLVM build 2336.11.00)

time: Mon Sep 26 17:42:17 2016
elapsed time: 9 seconds (0d 0h 0m 9s)

