#
# A fatal error has been detected by the Java Runtime Environment:
#
#  SIGILL (0x4) at pc=0x00007fff7d2d6f92, pid=1154, tid=775
#
# JRE version: Java(TM) SE Runtime Environment (8.0_60-b27) (build 1.8.0_60-b27)
# Java VM: Java HotSpot(TM) 64-Bit Server VM (25.60-b23 mixed mode bsd-amd64 compressed oops)
# Problematic frame:
# C  [AppKit+0x3a4f92]  -[NSApplication _crashOnException:]+0x6d
#
# Failed to write core dump. Core dumps have been disabled. To enable core dumping, try "ulimit -c unlimited" before starting Java again
#
# If you would like to submit a bug report, please visit:
#   http://bugreport.java.com/bugreport/crash.jsp
# The crash happened outside the Java Virtual Machine in native code.
# See problematic frame for where to report the bug.
#

---------------  T H R E A D  ---------------

Current thread (0x00007fd75d145000):  JavaThread "AppKit Thread" daemon [_thread_in_native, id=775, stack(0x00007fff594a7000,0x00007fff59ca7000)]

siginfo: si_signo: 4 (SIGILL), si_code: 1 (ILL_ILLOPC), si_addr: 0x00007fff7d2d6f92

Registers:
RAX=0x00007fd75d266000, RBX=0x00007fd760729650, RCX=0x0000000000000001, RDX=0x0000000000000000
RSP=0x00007fff59ca0050, RBP=0x00007fff59ca0060, RSI=0x000000000000250d, RDI=0x00007fd7604d6ee0
R8 =0x0000000008000100, R9 =0x0000000000000000, R10=0x00007fff99b9cfb8, R11=0x00000000000027ff
R12=0x0000000000000050, R13=0x00007fff7dab7dab, R14=0x00007fff93a9eb40, R15=0x00007fff99b9df80
RIP=0x00007fff7d2d6f92, EFLAGS=0x0000000000010202, ERR=0x0000000000000000
  TRAPNO=0x0000000000000006

Top of Stack: (sp=0x00007fff59ca0050)
0x00007fff59ca0050:   00007fd7607504f0 00007fff7dab77a8
0x00007fff59ca0060:   00007fff59ca0190 00007fff7d3a7f55
0x00007fff59ca0070:   00007fd75cb3d3f0 00007fff7dab7ba7
0x00007fff59ca0080:   00007fd75c81b650 00007fd7607321a0
0x00007fff59ca0090:   00007fd760729650 00007fd760704280
0x00007fff59ca00a0:   ffffffffffffffff 00007fff59ca00e0
0x00007fff59ca00b0:   00007fff59ca00b8 0000000000000050
0x00007fff59ca00c0:   0000000000000000 0000000000000000
0x00007fff59ca00d0:   0000000000000000 0000000000000000
0x00007fff59ca00e0:   00007fd7607332f0 00007fd76072bdf0
0x00007fff59ca00f0:   00007fd75cbc0960 00007fd76077ef50
0x00007fff59ca0100:   00007fd75cbc09e0 00007fd760726820
0x00007fff59ca0110:   00007fd75cbb71f0 00007fd7607037c0
0x00007fff59ca0120:   00007fd760703850 00007fd75cbdbb00
0x00007fff59ca0130:   00007fd75cbdbb70 00007fd76079f200
0x00007fff59ca0140:   00007fd7607339d0 00007fd75cbe5ff0
0x00007fff59ca0150:   00007fd7607225a0 00007fd7607a0860
0x00007fff59ca0160:   74b859a1530f00aa 00007fff93a9eb40
0x00007fff59ca0170:   00007fd75c81b650 00007fd75c81b650
0x00007fff59ca0180:   00007fd760690690 00007fff59ca01a0
0x00007fff59ca0190:   00007fff59ca02e0 00007fff7d2d6ef1
0x00007fff59ca01a0:   0000000000000307 00007fff99b9e228
0x00007fff59ca01b0:   00007fff59ca0210 00007fff93a9fc4e
0x00007fff59ca01c0:   00007fff59ca0200 0000000000000000
0x00007fff59ca01d0:   000000010c0a8b70 00007fd760729650
0x00007fff59ca01e0:   0000000000000301 0000000000000000
0x00007fff59ca01f0:   0000000000000000 0000000000000000
0x00007fff59ca0200:   0000000000000000 0000000000000000
0x00007fff59ca0210:   0000000000000000 0000000000000000
0x00007fff59ca0220:   0000000000000000 0000000000000000
0x00007fff59ca0230:   00007fff7f2d0706 0000000000000000
0x00007fff59ca0240:   00007fff7dab8329 00007fd760729650 

Instructions: (pc=0x00007fff7d2d6f92)
0x00007fff7d2d6f72:   48 89 c7 ff 15 0d 71 05 1c 48 8b 35 3e 58 2e 1c
0x00007fff7d2d6f82:   48 89 c7 ff 15 fd 70 05 1c 48 89 05 8e b3 34 1c
0x00007fff7d2d6f92:   0f 0b 48 89 c7 e8 2e d1 72 00 31 ff 31 f6 31 c0
0x00007fff7d2d6fa2:   e8 3b bc e2 ff e8 42 d1 72 00 48 89 c3 e8 2e d1 

Register to memory mapping:

RAX=0x00007fd75d266000 is an unknown value
RBX=0x00007fd760729650 is an unknown value
RCX=0x0000000000000001 is an unknown value
RDX=0x0000000000000000 is an unknown value
RSP=0x00007fff59ca0050 is pointing into the stack for thread: 0x00007fd75d145000
RBP=0x00007fff59ca0060 is pointing into the stack for thread: 0x00007fd75d145000
RSI=0x000000000000250d is an unknown value
RDI=0x00007fd7604d6ee0 is an unknown value
R8 =0x0000000008000100 is an unknown value
R9 =0x0000000000000000 is an unknown value
R10=0x00007fff99b9cfb8: OBJC_CLASS_$___NSCFString+0 in /System/Library/Frameworks/CoreFoundation.framework/Versions/A/CoreFoundation at 0x00007fff7f269000
R11=0x00000000000027ff is an unknown value
R12=0x0000000000000050 is an unknown value
R13=0x00007fff7dab7dab: __NSStyleNameIndexTable+0x6dd1e in /System/Library/Frameworks/AppKit.framework/Versions/C/AppKit at 0x00007fff7cf32000
R14=0x00007fff93a9eb40: objc_msgSend+0 in /usr/lib/libobjc.A.dylib at 0x00007fff93a98000
R15=0x00007fff99b9df80: OBJC_CLASS_$_NSDictionary+0 in /System/Library/Frameworks/CoreFoundation.framework/Versions/A/CoreFoundation at 0x00007fff7f269000


Stack: [0x00007fff594a7000,0x00007fff59ca7000],  sp=0x00007fff59ca0050,  free space=8164k
Native frames: (J=compiled Java code, j=interpreted, Vv=VM code, C=native code)
C  [AppKit+0x3a4f92]  -[NSApplication _crashOnException:]+0x6d
C  [AppKit+0x475f55]  -[NSApplication _showException:]+0x2e8
C  [AppKit+0x3a4ef1]  -[NSApplication reportException:]+0x3c0
C  [AppKit+0x46e77b]  uncaughtErrorProc+0x9e
C  [HIToolbox+0x856d]  _ZL23DispatchEventToHandlersP14EventTargetRecP14OpaqueEventRefP14HandlerCallRec+0x474
C  [HIToolbox+0x7a16]  _ZL30SendEventToEventTargetInternalP14OpaqueEventRefP20OpaqueEventTargetRefP14HandlerCallRec+0x1ac
C  [HIToolbox+0x785f]  SendEventToEventTargetWithOptions+0x2b
C  [HIToolbox+0x5e826]  SendTSMEvent_WithCompletionHandler+0x198
C  [HIToolbox+0x2120c0]  __SendTextInputEvent_WithCompletionHandler_block_invoke+0x248
C  [HIToolbox+0x2103d1]  SendTextInputEvent_WithCompletionHandler+0x482
C  [HIToolbox+0x2815b9]  -[IMKInputSession _postEvent:completionHandler:]+0xb0
C  [HIToolbox+0x291215]  -[IMKInputSession _copyUniCharsForRange:intoBuffer:ofLength:completionHandler:]+0x212
C  [HIToolbox+0x29199e]  -[IMKInputSession _coreAttributesFromRange:whichAttributes:completionHandler:]+0x119
C  [HIToolbox+0x293940]  -[IMKInputSession attributedSubstringFromRange:completionHandler:]+0xba
C  [HIToolbox+0x28413b]  __61-[IMKInputSession imkxpc_attributedSubstringFromRange:reply:]_block_invoke+0x212
C  [CoreFoundation+0xa73ac]  __CFRUNLOOP_IS_CALLING_OUT_TO_A_BLOCK__+0xc
C  [CoreFoundation+0x88424]  __CFRunLoopDoBlocks+0x164
C  [CoreFoundation+0x87f66]  __CFRunLoopRun+0x756
C  [CoreFoundation+0x875b4]  CFRunLoopRunSpecific+0x1a4
C  [HIToolbox+0x26b3ce]  -[IMKInputSessionXPCInvocation invocationAwaitXPCReply]+0x25e
C  [HIToolbox+0x2728fa]  __49-[IMKInputSession handleEvent:completionHandler:]_block_invoke_2.479+0x6b8
C  [HIToolbox+0x271d18]  __49-[IMKInputSession handleEvent:completionHandler:]_block_invoke_2.438+0x236
C  [HIToolbox+0x2560a4]  -[IMKClient switchedInputMode:completionHandler:]+0x195
C  [HIToolbox+0x270bc2]  -[IMKInputSession tryHandleEventSwitchedInputMode:eventWasHandled:continuationHandler:]+0x7a
C  [HIToolbox+0x271abc]  __49-[IMKInputSession handleEvent:completionHandler:]_block_invoke.437+0xaa
C  [HIToolbox+0x2718fb]  __49-[IMKInputSession handleEvent:completionHandler:]_block_invoke+0x105
C  [HIToolbox+0x27dacf]  -[IMKInputSession _eventIsOn:completionHandler:]+0x72e
C  [HIToolbox+0x271171]  -[IMKInputSession handleEvent:completionHandler:]+0x37a
C  [HIToolbox+0x221c98]  IMKInputSessionProcessEventRefWithCompletionHandler+0x78
C  [HIToolbox+0x22104a]  InputMethodInstanceProcessEventRef_WithCompletionHandler+0x81
C  [HIToolbox+0x20f762]  __TSMEventToInputMethod_WithCompletionHandler_block_invoke+0x7c
C  [HIToolbox+0x2135e8]  __SendTSMDocumentLockEvent_WithCompletionHandler_block_invoke+0x5f
C  [HIToolbox+0x61832]  ___ZL23DispatchEventToHandlersP14EventTargetRecP14OpaqueEventRefP14HandlerCallRec_block_invoke+0x6c
C  [AppKit+0x1dcfa5]  -[NSTextInputContext handleTSMEvent:completionHandler:]+0xce2
C  [AppKit+0x1dc255]  _NSTSMEventHandler+0x13f
C  [HIToolbox+0x87a5]  _ZL23DispatchEventToHandlersP14EventTargetRecP14OpaqueEventRefP14HandlerCallRec+0x6ac
C  [HIToolbox+0x7a16]  _ZL30SendEventToEventTargetInternalP14OpaqueEventRefP20OpaqueEventTargetRefP14HandlerCallRec+0x1ac
C  [HIToolbox+0x785f]  SendEventToEventTargetWithOptions+0x2b
C  [HIToolbox+0x5e826]  SendTSMEvent_WithCompletionHandler+0x198
C  [HIToolbox+0x20f699]  TrySendLockEvent_BeforeEventToInputMethod_WithContinuationHandler+0x15f
C  [HIToolbox+0x20f4d6]  TSMEventToInputMethod_WithCompletionHandler+0x94
C  [HIToolbox+0x20f422]  TSMEventToKeyboardInputMethod_WithCompletionHandler+0x7f
C  [HIToolbox+0x5dd14]  TSMKeyEvent_WithCompletionHandler+0x248
C  [HIToolbox+0x5da93]  __TSMProcessRawKeyEventWithOptionsAndCompletionHandler_block_invoke_4+0xfb
C  [HIToolbox+0x5d8c0]  __TSMProcessRawKeyEventWithOptionsAndCompletionHandler_block_invoke_3+0x119
C  [HIToolbox+0x5d5d6]  __TSMProcessRawKeyEventWithOptionsAndCompletionHandler_block_invoke_2+0x134
C  [HIToolbox+0x5d30d]  __TSMProcessRawKeyEventWithOptionsAndCompletionHandler_block_invoke+0x12c
C  [HIToolbox+0x5c87d]  TSMProcessRawKeyEventWithOptionsAndCompletionHandler+0xe14
C  [AppKit+0x982d52]  __61-[NSTextInputContext _handleEvent:options:completionHandler:]_block_invoke.885+0x74
C  [AppKit+0x982801]  __204-[NSTextInputContext tryTSMProcessRawKeyEvent_orSubstitution:dispatchCondition:setupForDispatch:furtherCondition:doubleSpaceSubstitutionCondition:doubleSpaceSubstitutionWork:dispatchTSMWork:continuation:]_block_invoke.817+0x79
C  [AppKit+0x98266b]  -[NSTextInputContext tryTSMProcessRawKeyEvent_orSubstitution:dispatchCondition:setupForDispatch:furtherCondition:doubleSpaceSubstitutionCondition:doubleSpaceSubstitutionWork:dispatchTSMWork:continuation:]+0x11d
C  [AppKit+0x1dab53]  -[NSTextInputContext _handleEvent:options:completionHandler:]+0x512
C  [AppKit+0x1da606]  -[NSTextInputContext handleEvent:]+0x6d
C  [AppKit+0x1da50d]  -[NSView interpretKeyEvents:]+0xe8
C  [libawt_lwawt.dylib+0x4b99]  -[AWTView keyDown:]+0x55
C  [AppKit+0x8bb0cc]  -[NSWindow(NSEventRouting) _reallySendEvent:isDelayedEvent:]+0xff6
C  [AppKit+0x8b9d0a]  -[NSWindow(NSEventRouting) sendEvent:]+0x21d
C  [libawt_lwawt.dylib+0x8a6b]  -[AWTWindow_Normal sendEvent:]+0x56
C  [AppKit+0x75aef0]  -[NSApplication(NSEvent) sendEvent:]+0x12a0
C  [libosxapp.dylib+0x232c]  -[NSApplicationAWT sendEvent:]+0x17a
C  [AppKit+0x3b521]  -[NSApplication run]+0x3ea
C  [libosxapp.dylib+0x214d]  +[NSApplicationAWT runAWTLoopWithApp:]+0x9c
C  [libawt_lwawt.dylib+0x44517]  -[AWTStarter starter:]+0x389
C  [Foundation+0x71f2a]  __NSThreadPerformPerform+0x146
C  [CoreFoundation+0xa7551]  __CFRUNLOOP_IS_CALLING_OUT_TO_A_SOURCE0_PERFORM_FUNCTION__+0x11
C  [CoreFoundation+0x886bd]  __CFRunLoopDoSources0+0x22d
C  [CoreFoundation+0x87bb6]  __CFRunLoopRun+0x3a6
C  [CoreFoundation+0x875b4]  CFRunLoopRunSpecific+0x1a4
C  [java+0x6463]  CreateExecutionEnvironment+0x367
C  [java+0x21ac]  JLI_Launch+0x7a0
C  [java+0x84c0]  main+0x65
C  [java+0x1a04]  start+0x34
C  0x0000000000000005


---------------  P R O C E S S  ---------------

Java Threads: ( => current thread )
  0x00007fd75f023000 JavaThread "TimerQueue" daemon [_thread_blocked, id=75691, stack(0x00007000071a7000,0x00007000072a7000)]
  0x00007fd75d2b7000 JavaThread "DestroyJavaVM" [_thread_blocked, id=7171, stack(0x0000700005544000,0x0000700005644000)]
  0x00007fd75d309000 JavaThread "AWT-EventQueue-0" [_thread_in_native, id=73731, stack(0x00007000070a4000,0x00007000071a4000)]
  0x00007fd75e93b000 JavaThread "Java2D Disposer" daemon [_thread_blocked, id=66587, stack(0x0000700006980000,0x0000700006a80000)]
  0x00007fd75b189800 JavaThread "Java2D Queue Flusher" daemon [_thread_blocked, id=66823, stack(0x000070000687d000,0x000070000697d000)]
  0x00007fd75b936800 JavaThread "AWT-Shutdown" [_thread_blocked, id=52539, stack(0x00007000053bb000,0x00007000054bb000)]
=>0x00007fd75d145000 JavaThread "AppKit Thread" daemon [_thread_in_native, id=775, stack(0x00007fff594a7000,0x00007fff59ca7000)]
  0x00007fd75e8a8800 JavaThread "Service Thread" daemon [_thread_blocked, id=21251, stack(0x0000700006677000,0x0000700006777000)]
  0x00007fd75b80d000 JavaThread "C1 CompilerThread3" daemon [_thread_blocked, id=20739, stack(0x0000700006574000,0x0000700006674000)]
  0x00007fd75b823000 JavaThread "C2 CompilerThread2" daemon [_thread_blocked, id=20227, stack(0x0000700006471000,0x0000700006571000)]
  0x00007fd75d001000 JavaThread "C2 CompilerThread1" daemon [_thread_blocked, id=19715, stack(0x000070000636e000,0x000070000646e000)]
  0x00007fd75b80c000 JavaThread "C2 CompilerThread0" daemon [_thread_blocked, id=19203, stack(0x000070000626b000,0x000070000636b000)]
  0x00007fd75b822000 JavaThread "Signal Dispatcher" daemon [_thread_blocked, id=18691, stack(0x0000700006168000,0x0000700006268000)]
  0x00007fd75e846800 JavaThread "Finalizer" daemon [_thread_blocked, id=14595, stack(0x0000700006065000,0x0000700006165000)]
  0x00007fd75e846000 JavaThread "Reference Handler" daemon [_thread_blocked, id=14083, stack(0x0000700005f62000,0x0000700006062000)]

Other Threads:
  0x00007fd75e843800 VMThread [stack: 0x0000700005e5f000,0x0000700005f5f000] [id=13571]
  0x00007fd75b80d800 WatcherThread [stack: 0x000070000677a000,0x000070000687a000] [id=21763]

VM state:not at safepoint (normal execution)

VM Mutex/Monitor currently owned by a thread: None

Heap:
 PSYoungGen      total 76288K, used 44592K [0x000000076ab00000, 0x0000000770000000, 0x00000007c0000000)
  eden space 65536K, 68% used [0x000000076ab00000,0x000000076d68c1f0,0x000000076eb00000)
  from space 10752K, 0% used [0x000000076f580000,0x000000076f580000,0x0000000770000000)
  to   space 10752K, 0% used [0x000000076eb00000,0x000000076eb00000,0x000000076f580000)
 ParOldGen       total 175104K, used 0K [0x00000006c0000000, 0x00000006cab00000, 0x000000076ab00000)
  object space 175104K, 0% used [0x00000006c0000000,0x00000006c0000000,0x00000006cab00000)
 Metaspace       used 16463K, capacity 16728K, committed 17024K, reserved 1064960K
  class space    used 1991K, capacity 2083K, committed 2176K, reserved 1048576K

Card table byte_map: [0x000000010838f000,0x0000000108b90000] byte_map_base: 0x0000000104d8f000

Marking Bits: (ParMarkBitMap*) 0x00000001078dee20
 Begin Bits: [0x000000011cbed000, 0x0000000120bed000)
 End Bits:   [0x0000000120bed000, 0x0000000124bed000)

Polling page: 0x0000000105ffa000

CodeCache: size=245760Kb used=4643Kb max_used=4643Kb free=241116Kb
 bounds [0x000000010dbed000, 0x000000010e07d000, 0x000000011cbed000]
 total_blobs=2010 nmethods=1430 adapters=493
 compilation: enabled

Compilation events (10 events):
Event: 23.334 Thread 0x00007fd75b80d000 1548   !   3       sun.java2d.opengl.OGLRenderer::validateContext (83 bytes)
Event: 23.335 Thread 0x00007fd75b80d000 nmethod 1548 0x000000010e078c50 code [0x000000010e078ec0, 0x000000010e079fc8]
Event: 23.335 Thread 0x00007fd75b80d000 1549       3       java.awt.Color::getTransparency (22 bytes)
Event: 23.335 Thread 0x00007fd75b80d000 nmethod 1549 0x000000010e074cd0 code [0x000000010e074e40, 0x000000010e0751c8]
Event: 23.335 Thread 0x00007fd75b80d000 1551       1       sun.font.SunFontManager::usingPerAppContextComposites (5 bytes)
Event: 23.335 Thread 0x00007fd75b80d000 nmethod 1551 0x000000010e074a10 code [0x000000010e074b60, 0x000000010e074c70]
Event: 23.335 Thread 0x00007fd75b80d000 1552       3       sun.java2d.pipe.RenderQueue::ensureCapacityAndAlignment (13 bytes)
Event: 23.335 Thread 0x00007fd75b80d000 nmethod 1552 0x000000010e07a7d0 code [0x000000010e07a980, 0x000000010e07b0e8]
Event: 23.336 Thread 0x00007fd75b80d000 1553       3       java.util.HashMap::afterNodeRemoval (1 bytes)
Event: 23.336 Thread 0x00007fd75b80d000 nmethod 1553 0x000000010e074710 code [0x000000010e074860, 0x000000010e0749b0]

GC Heap History (0 events):
No events

Deoptimization events (10 events):
Event: 17.000 Thread 0x00007fd75d309000 Uncommon trap: reason=bimorphic action=maybe_recompile pc=0x000000010df40c10 method=java.io.DataInputStream.readInt()I @ 4
Event: 17.000 Thread 0x00007fd75d309000 Uncommon trap: reason=bimorphic action=maybe_recompile pc=0x000000010df40c10 method=java.io.DataInputStream.readInt()I @ 4
Event: 17.000 Thread 0x00007fd75d309000 Uncommon trap: reason=bimorphic action=maybe_recompile pc=0x000000010df40c10 method=java.io.DataInputStream.readInt()I @ 4
Event: 17.000 Thread 0x00007fd75d309000 Uncommon trap: reason=bimorphic action=maybe_recompile pc=0x000000010df40c10 method=java.io.DataInputStream.readInt()I @ 4
Event: 17.000 Thread 0x00007fd75d309000 Uncommon trap: reason=bimorphic action=maybe_recompile pc=0x000000010deaa100 method=java.io.DataInputStream.readChar()C @ 4
Event: 17.000 Thread 0x00007fd75d309000 Uncommon trap: reason=bimorphic action=maybe_recompile pc=0x000000010deaa100 method=java.io.DataInputStream.readChar()C @ 4
Event: 17.000 Thread 0x00007fd75d309000 Uncommon trap: reason=bimorphic action=maybe_recompile pc=0x000000010deaa100 method=java.io.DataInputStream.readChar()C @ 4
Event: 17.000 Thread 0x00007fd75d309000 Uncommon trap: reason=bimorphic action=maybe_recompile pc=0x000000010deaa100 method=java.io.DataInputStream.readChar()C @ 4
Event: 17.102 Thread 0x00007fd75d145000 Uncommon trap: reason=unstable_if action=reinterpret pc=0x000000010df47df0 method=java.util.HashMap.putVal(ILjava/lang/Object;Ljava/lang/Object;ZZ)Ljava/lang/Object; @ 81
Event: 17.102 Thread 0x00007fd75d145000 Uncommon trap: reason=unstable_if action=reinterpret pc=0x000000010de53d9c method=java.util.HashMap.putVal(ILjava/lang/Object;Ljava/lang/Object;ZZ)Ljava/lang/Object; @ 81

Internal exceptions (10 events):
Event: 0.189 Thread 0x00007fd75e802000 Exception <a 'java/lang/NoSuchFieldError': method resolution failed> (0x000000076af1f9e0) thrown at [/Users/java_re/workspace/8-2-build-macosx-x86_64/jdk8u60/4407/hotspot/src/share/vm/prims/methodHandles.cpp, line 1146]
Event: 0.306 Thread 0x00007fd75e802000 Exception <a 'java/io/FileNotFoundException'> (0x000000076af9abb0) thrown at [/Users/java_re/workspace/8-2-build-macosx-x86_64/jdk8u60/4407/hotspot/src/share/vm/prims/jni.cpp, line 709]
Event: 0.306 Thread 0x00007fd75e802000 Exception <a 'java/io/FileNotFoundException'> (0x000000076af9b718) thrown at [/Users/java_re/workspace/8-2-build-macosx-x86_64/jdk8u60/4407/hotspot/src/share/vm/prims/jni.cpp, line 709]
Event: 6.091 Thread 0x00007fd75e802000 Exception <a 'java/io/FileNotFoundException'> (0x000000076bf38bc8) thrown at [/Users/java_re/workspace/8-2-build-macosx-x86_64/jdk8u60/4407/hotspot/src/share/vm/prims/jni.cpp, line 709]
Event: 6.095 Thread 0x00007fd75e907000 Implicit null exception at 0x000000010dec2c33 to 0x000000010dec2fb9
Event: 12.057 Thread 0x00007fd75e802000 Implicit null exception at 0x000000010deaf575 to 0x000000010deaf7c9
Event: 12.057 Thread 0x00007fd75e802000 Implicit null exception at 0x000000010de8c45b to 0x000000010de8c9b1
Event: 12.059 Thread 0x00007fd75e802000 Implicit null exception at 0x000000010dea2a6f to 0x000000010dea2ad9
Event: 18.821 Thread 0x00007fd75d145000 Exception <a 'java/lang/NullPointerException'> (0x000000076b078740) thrown at [/Users/java_re/workspace/8-2-build-macosx-x86_64/jdk8u60/4407/hotspot/src/share/vm/prims/jni.cpp, line 1318]
Event: 23.317 Thread 0x00007fd75d145000 Exception <a 'java/lang/NullPointerException'> (0x000000076b0b4688) thrown at [/Users/java_re/workspace/8-2-build-macosx-x86_64/jdk8u60/4407/hotspot/src/share/vm/prims/jni.cpp, line 1318]

Events (10 events):
Event: 22.386 loading class sun/util/locale/provider/RuleBasedBreakIterator
Event: 22.387 loading class sun/util/locale/provider/RuleBasedBreakIterator done
Event: 22.387 loading class sun/util/locale/provider/RuleBasedBreakIterator$1
Event: 22.387 loading class sun/util/locale/provider/RuleBasedBreakIterator$1 done
Event: 22.388 loading class sun/text/CompactByteArray
Event: 22.389 loading class sun/text/CompactByteArray done
Event: 22.389 loading class sun/text/SupplementaryCharacterData
Event: 22.389 loading class sun/text/SupplementaryCharacterData done
Event: 22.389 loading class java/text/BreakIterator$BreakIteratorCache
Event: 22.389 loading class java/text/BreakIterator$BreakIteratorCache done


Dynamic libraries:
0x000000000a0dc000 	/System/Library/Frameworks/Cocoa.framework/Versions/A/Cocoa
0x000000000a0dc000 	/System/Library/Frameworks/Security.framework/Versions/A/Security
0x000000000a0dc000 	/System/Library/Frameworks/ApplicationServices.framework/Versions/A/ApplicationServices
0x000000000a0dc000 	/usr/lib/libz.1.dylib
0x000000000a0dc000 	/usr/lib/libSystem.B.dylib
0x000000000a0dc000 	/usr/lib/libobjc.A.dylib
0x000000000a0dc000 	/System/Library/Frameworks/CoreFoundation.framework/Versions/A/CoreFoundation
0x000000000a0dc000 	/System/Library/Frameworks/Foundation.framework/Versions/C/Foundation
0x000000000a0dc000 	/System/Library/Frameworks/AppKit.framework/Versions/C/AppKit
0x000000000a0dc000 	/System/Library/Frameworks/CoreData.framework/Versions/A/CoreData
0x000000000a0dc000 	/System/Library/PrivateFrameworks/RemoteViewServices.framework/Versions/A/RemoteViewServices
0x000000000a0dc000 	/System/Library/PrivateFrameworks/UIFoundation.framework/Versions/A/UIFoundation
0x000000000a0dc000 	/usr/lib/libenergytrace.dylib
0x000000000a0dc000 	/System/Library/PrivateFrameworks/SkyLight.framework/Versions/A/SkyLight
0x000000000a0dc000 	/System/Library/Frameworks/CoreGraphics.framework/Versions/A/CoreGraphics
0x000000000a0dc000 	/usr/lib/libScreenReader.dylib
0x000000000a0dc000 	/System/Library/Frameworks/Accelerate.framework/Versions/A/Accelerate
0x000000000a0dc000 	/System/Library/Frameworks/IOSurface.framework/Versions/A/IOSurface
0x000000000a0dc000 	/System/Library/Frameworks/AudioToolbox.framework/Versions/A/AudioToolbox
0x000000000a0dc000 	/System/Library/Frameworks/AudioUnit.framework/Versions/A/AudioUnit
0x000000000a0dc000 	/System/Library/PrivateFrameworks/DataDetectorsCore.framework/Versions/A/DataDetectorsCore
0x000000000a0dc000 	/System/Library/PrivateFrameworks/DesktopServicesPriv.framework/Versions/A/DesktopServicesPriv
0x000000000a0dc000 	/System/Library/Frameworks/Carbon.framework/Versions/A/Frameworks/HIToolbox.framework/Versions/A/HIToolbox
0x000000000a0dc000 	/usr/lib/libicucore.A.dylib
0x000000000a0dc000 	/System/Library/Frameworks/QuartzCore.framework/Versions/A/QuartzCore
0x000000000a0dc000 	/System/Library/Frameworks/Carbon.framework/Versions/A/Frameworks/SpeechRecognition.framework/Versions/A/SpeechRecognition
0x000000000a0dc000 	/usr/lib/libauto.dylib
0x000000000a0dc000 	/usr/lib/libxml2.2.dylib
0x000000000a0dc000 	/System/Library/PrivateFrameworks/CoreUI.framework/Versions/A/CoreUI
0x000000000a0dc000 	/System/Library/Frameworks/CoreAudio.framework/Versions/A/CoreAudio
0x000000000a0dc000 	/System/Library/Frameworks/DiskArbitration.framework/Versions/A/DiskArbitration
0x000000000a0dc000 	/usr/lib/liblangid.dylib
0x000000000a0dc000 	/System/Library/PrivateFrameworks/MultitouchSupport.framework/Versions/A/MultitouchSupport
0x000000000a0dc000 	/System/Library/Frameworks/IOKit.framework/Versions/A/IOKit
0x000000000a0dc000 	/usr/lib/libDiagnosticMessagesClient.dylib
0x000000000a0dc000 	/System/Library/Frameworks/CoreServices.framework/Versions/A/CoreServices
0x000000000a0dc000 	/System/Library/PrivateFrameworks/PerformanceAnalysis.framework/Versions/A/PerformanceAnalysis
0x000000000a0dc000 	/System/Library/PrivateFrameworks/GenerationalStorage.framework/Versions/A/GenerationalStorage
0x000000000a0dc000 	/System/Library/Frameworks/OpenGL.framework/Versions/A/OpenGL
0x000000000a0dc000 	/System/Library/Frameworks/CoreImage.framework/Versions/A/CoreImage
0x000000000a0dc000 	/System/Library/Frameworks/CoreText.framework/Versions/A/CoreText
0x000000000a0dc000 	/System/Library/Frameworks/ImageIO.framework/Versions/A/ImageIO
0x000000000a0dc000 	/System/Library/PrivateFrameworks/Backup.framework/Versions/A/Backup
0x000000000a0dc000 	/usr/lib/libarchive.2.dylib
0x000000000a0dc000 	/System/Library/Frameworks/CFNetwork.framework/Versions/A/CFNetwork
0x000000000a0dc000 	/System/Library/Frameworks/SystemConfiguration.framework/Versions/A/SystemConfiguration
0x000000000a0dc000 	/usr/lib/libCRFSuite.dylib
0x000000000a0dc000 	/usr/lib/libc++.1.dylib
0x000000000a0dc000 	/usr/lib/libc++abi.dylib
0x000000000a0dc000 	/usr/lib/system/libcache.dylib
0x000000000a0dc000 	/usr/lib/system/libcommonCrypto.dylib
0x000000000a0dc000 	/usr/lib/system/libcompiler_rt.dylib
0x000000000a0dc000 	/usr/lib/system/libcopyfile.dylib
0x000000000a0dc000 	/usr/lib/system/libcorecrypto.dylib
0x000000000a0dc000 	/usr/lib/system/libdispatch.dylib
0x000000000a0dc000 	/usr/lib/system/libdyld.dylib
0x000000000a0dc000 	/usr/lib/system/libkeymgr.dylib
0x000000000a0dc000 	/usr/lib/system/liblaunch.dylib
0x000000000a0dc000 	/usr/lib/system/libmacho.dylib
0x000000000a0dc000 	/usr/lib/system/libquarantine.dylib
0x000000000a0dc000 	/usr/lib/system/libremovefile.dylib
0x000000000a0dc000 	/usr/lib/system/libsystem_asl.dylib
0x000000000a0dc000 	/usr/lib/system/libsystem_blocks.dylib
0x000000000a0dc000 	/usr/lib/system/libsystem_c.dylib
0x000000000a0dc000 	/usr/lib/system/libsystem_configuration.dylib
0x000000000a0dc000 	/usr/lib/system/libsystem_coreservices.dylib
0x000000000a0dc000 	/usr/lib/system/libsystem_coretls.dylib
0x000000000a0dc000 	/usr/lib/system/libsystem_dnssd.dylib
0x000000000a0dc000 	/usr/lib/system/libsystem_info.dylib
0x000000000a0dc000 	/usr/lib/system/libsystem_kernel.dylib
0x000000000a0dc000 	/usr/lib/system/libsystem_m.dylib
0x000000000a0dc000 	/usr/lib/system/libsystem_malloc.dylib
0x000000000a0dc000 	/usr/lib/system/libsystem_network.dylib
0x000000000a0dc000 	/usr/lib/system/libsystem_networkextension.dylib
0x000000000a0dc000 	/usr/lib/system/libsystem_notify.dylib
0x000000000a0dc000 	/usr/lib/system/libsystem_platform.dylib
0x000000000a0dc000 	/usr/lib/system/libsystem_pthread.dylib
0x000000000a0dc000 	/usr/lib/system/libsystem_sandbox.dylib
0x000000000a0dc000 	/usr/lib/system/libsystem_secinit.dylib
0x000000000a0dc000 	/usr/lib/system/libsystem_symptoms.dylib
0x000000000a0dc000 	/usr/lib/system/libsystem_trace.dylib
0x000000000a0dc000 	/usr/lib/system/libunwind.dylib
0x000000000a0dc000 	/usr/lib/system/libxpc.dylib
0x000000000a0dc000 	/usr/lib/libbsm.0.dylib
0x000000000a0dc000 	/usr/lib/system/libkxld.dylib
0x000000000a0dc000 	/usr/lib/libcoretls.dylib
0x000000000a0dc000 	/usr/lib/libcoretls_cfhelpers.dylib
0x000000000a0dc000 	/usr/lib/libxar.1.dylib
0x000000000a0dc000 	/usr/lib/libsqlite3.dylib
0x000000000a0dc000 	/usr/lib/libpam.2.dylib
0x000000000a0dc000 	/usr/lib/libOpenScriptingUtil.dylib
0x000000000a0dc000 	/usr/lib/libbz2.1.0.dylib
0x000000000a0dc000 	/usr/lib/liblzma.5.dylib
0x000000000a0dc000 	/usr/lib/libnetwork.dylib
0x000000000a0dc000 	/usr/lib/libpcap.A.dylib
0x000000000a0dc000 	/System/Library/Frameworks/CoreServices.framework/Versions/A/Frameworks/FSEvents.framework/Versions/A/FSEvents
0x000000000a0dc000 	/System/Library/Frameworks/CoreServices.framework/Versions/A/Frameworks/CarbonCore.framework/Versions/A/CarbonCore
0x000000000a0dc000 	/System/Library/Frameworks/CoreServices.framework/Versions/A/Frameworks/Metadata.framework/Versions/A/Metadata
0x000000000a0dc000 	/System/Library/Frameworks/CoreServices.framework/Versions/A/Frameworks/OSServices.framework/Versions/A/OSServices
0x000000000a0dc000 	/System/Library/Frameworks/CoreServices.framework/Versions/A/Frameworks/SearchKit.framework/Versions/A/SearchKit
0x000000000a0dc000 	/System/Library/Frameworks/CoreServices.framework/Versions/A/Frameworks/AE.framework/Versions/A/AE
0x000000000a0dc000 	/System/Library/Frameworks/CoreServices.framework/Versions/A/Frameworks/LaunchServices.framework/Versions/A/LaunchServices
0x000000000a0dc000 	/System/Library/Frameworks/CoreServices.framework/Versions/A/Frameworks/DictionaryServices.framework/Versions/A/DictionaryServices
0x000000000a0dc000 	/System/Library/Frameworks/CoreServices.framework/Versions/A/Frameworks/SharedFileList.framework/Versions/A/SharedFileList
0x000000000a0dc000 	/System/Library/Frameworks/NetFS.framework/Versions/A/NetFS
0x000000000a0dc000 	/System/Library/PrivateFrameworks/NetAuth.framework/Versions/A/NetAuth
0x000000000a0dc000 	/System/Library/PrivateFrameworks/login.framework/Versions/A/Frameworks/loginsupport.framework/Versions/A/loginsupport
0x000000000a0dc000 	/System/Library/PrivateFrameworks/TCC.framework/Versions/A/TCC
0x000000000a0dc000 	/usr/lib/libmecabra.dylib
0x000000000a0dc000 	/System/Library/Frameworks/ApplicationServices.framework/Versions/A/Frameworks/ATS.framework/Versions/A/ATS
0x000000000a0dc000 	/System/Library/Frameworks/ApplicationServices.framework/Versions/A/Frameworks/ColorSync.framework/Versions/A/ColorSync
0x000000000a0dc000 	/System/Library/Frameworks/ApplicationServices.framework/Versions/A/Frameworks/HIServices.framework/Versions/A/HIServices
0x000000000a0dc000 	/System/Library/Frameworks/ApplicationServices.framework/Versions/A/Frameworks/LangAnalysis.framework/Versions/A/LangAnalysis
0x000000000a0dc000 	/System/Library/Frameworks/ApplicationServices.framework/Versions/A/Frameworks/PrintCore.framework/Versions/A/PrintCore
0x000000000a0dc000 	/System/Library/Frameworks/ApplicationServices.framework/Versions/A/Frameworks/QD.framework/Versions/A/QD
0x000000000a0dc000 	/System/Library/Frameworks/ApplicationServices.framework/Versions/A/Frameworks/SpeechSynthesis.framework/Versions/A/SpeechSynthesis
0x000000000a0dc000 	/System/Library/Frameworks/Accelerate.framework/Versions/A/Frameworks/vImage.framework/Versions/A/vImage
0x000000000a0dc000 	/System/Library/Frameworks/Accelerate.framework/Versions/A/Frameworks/vecLib.framework/Versions/A/vecLib
0x000000000a0dc000 	/System/Library/Frameworks/Accelerate.framework/Versions/A/Frameworks/vecLib.framework/Versions/A/libvDSP.dylib
0x000000000a0dc000 	/System/Library/Frameworks/Accelerate.framework/Versions/A/Frameworks/vecLib.framework/Versions/A/libBNNS.dylib
0x000000000a0dc000 	/System/Library/Frameworks/Accelerate.framework/Versions/A/Frameworks/vecLib.framework/Versions/A/libQuadrature.dylib
0x000000000a0dc000 	/System/Library/Frameworks/Accelerate.framework/Versions/A/Frameworks/vecLib.framework/Versions/A/libvMisc.dylib
0x000000000a0dc000 	/System/Library/Frameworks/Accelerate.framework/Versions/A/Frameworks/vecLib.framework/Versions/A/libLAPACK.dylib
0x000000000a0dc000 	/System/Library/Frameworks/Accelerate.framework/Versions/A/Frameworks/vecLib.framework/Versions/A/libBLAS.dylib
0x000000000a0dc000 	/System/Library/Frameworks/Accelerate.framework/Versions/A/Frameworks/vecLib.framework/Versions/A/libLinearAlgebra.dylib
0x000000000a0dc000 	/System/Library/Frameworks/Accelerate.framework/Versions/A/Frameworks/vecLib.framework/Versions/A/libSparseBLAS.dylib
0x000000000a0dc000 	/System/Library/Frameworks/ApplicationServices.framework/Versions/A/Frameworks/ATS.framework/Versions/A/Resources/libFontParser.dylib
0x000000000a0dc000 	/System/Library/Frameworks/ApplicationServices.framework/Versions/A/Frameworks/ATS.framework/Versions/A/Resources/libFontRegistry.dylib
0x000000000a0dc000 	/System/Library/Frameworks/ImageIO.framework/Versions/A/Resources/libJPEG.dylib
0x000000000a0dc000 	/System/Library/Frameworks/ImageIO.framework/Versions/A/Resources/libTIFF.dylib
0x000000000a0dc000 	/System/Library/Frameworks/ImageIO.framework/Versions/A/Resources/libPng.dylib
0x000000000a0dc000 	/System/Library/Frameworks/ImageIO.framework/Versions/A/Resources/libGIF.dylib
0x000000000a0dc000 	/System/Library/Frameworks/ImageIO.framework/Versions/A/Resources/libJP2.dylib
0x000000000a0dc000 	/System/Library/Frameworks/ImageIO.framework/Versions/A/Resources/libRadiance.dylib
0x000000000a0dc000 	/usr/lib/libcompression.dylib
0x000000000a0dc000 	/System/Library/PrivateFrameworks/AppleJPEG.framework/Versions/A/AppleJPEG
0x000000000a0dc000 	/usr/lib/libcups.2.dylib
0x000000000a0dc000 	/System/Library/Frameworks/Kerberos.framework/Versions/A/Kerberos
0x000000000a0dc000 	/System/Library/Frameworks/GSS.framework/Versions/A/GSS
0x000000000a0dc000 	/usr/lib/libresolv.9.dylib
0x000000000a0dc000 	/usr/lib/libiconv.2.dylib
0x000000000a0dc000 	/System/Library/PrivateFrameworks/Heimdal.framework/Versions/A/Heimdal
0x000000000a0dc000 	/usr/lib/libheimdal-asn1.dylib
0x000000000a0dc000 	/System/Library/Frameworks/OpenDirectory.framework/Versions/A/OpenDirectory
0x000000000a0dc000 	/System/Library/PrivateFrameworks/CommonAuth.framework/Versions/A/CommonAuth
0x000000000a0dc000 	/System/Library/Frameworks/OpenDirectory.framework/Versions/A/Frameworks/CFOpenDirectory.framework/Versions/A/CFOpenDirectory
0x000000000a0dc000 	/System/Library/Frameworks/SecurityFoundation.framework/Versions/A/SecurityFoundation
0x000000000a0dc000 	/System/Library/PrivateFrameworks/LanguageModeling.framework/Versions/A/LanguageModeling
0x000000000a0dc000 	/usr/lib/libmarisa.dylib
0x000000000a0dc000 	/usr/lib/libChineseTokenizer.dylib
0x000000000a0dc000 	/usr/lib/libcmph.dylib
0x000000000a0dc000 	/System/Library/PrivateFrameworks/CoreEmoji.framework/Versions/A/CoreEmoji
0x000000000a0dc000 	/System/Library/Frameworks/ServiceManagement.framework/Versions/A/ServiceManagement
0x000000000a0dc000 	/usr/lib/libxslt.1.dylib
0x000000000a0dc000 	/System/Library/Frameworks/Carbon.framework/Versions/A/Frameworks/Ink.framework/Versions/A/Ink
0x000000000a0dc000 	/System/Library/PrivateFrameworks/TextureIO.framework/Versions/A/TextureIO
0x000000000a0dc000 	/System/Library/Frameworks/Metal.framework/Versions/A/Metal
0x000000000a0dc000 	/usr/lib/libate.dylib
0x000000000a0dc000 	/System/Library/PrivateFrameworks/GPUCompiler.framework/libmetal_timestamp.dylib
0x000000000a0dc000 	/System/Library/Frameworks/OpenGL.framework/Versions/A/Libraries/libCoreFSCache.dylib
0x000000000a0dc000 	/System/Library/PrivateFrameworks/IOAccelerator.framework/Versions/A/IOAccelerator
0x000000000a0dc000 	/System/Library/Frameworks/CoreVideo.framework/Versions/A/CoreVideo
0x000000000a0dc000 	/usr/lib/libFosl_dynamic.dylib
0x000000000a0dc000 	/System/Library/PrivateFrameworks/MetalPerformanceShaders.framework/Versions/A/MetalPerformanceShaders
0x000000000a0dc000 	/System/Library/PrivateFrameworks/FaceCore.framework/Versions/A/FaceCore
0x000000000a0dc000 	/System/Library/Frameworks/OpenCL.framework/Versions/A/OpenCL
0x000000000a0dc000 	/System/Library/Frameworks/OpenGL.framework/Versions/A/Libraries/libGLU.dylib
0x000000000a0dc000 	/System/Library/Frameworks/OpenGL.framework/Versions/A/Libraries/libGFXShared.dylib
0x000000000a0dc000 	/System/Library/Frameworks/OpenGL.framework/Versions/A/Libraries/libGL.dylib
0x000000000a0dc000 	/System/Library/Frameworks/OpenGL.framework/Versions/A/Libraries/libGLImage.dylib
0x000000000a0dc000 	/System/Library/Frameworks/OpenGL.framework/Versions/A/Libraries/libCVMSPluginSupport.dylib
0x000000000a0dc000 	/System/Library/Frameworks/OpenGL.framework/Versions/A/Libraries/libCoreVMClient.dylib
0x000000000a0dc000 	/System/Library/PrivateFrameworks/CrashReporterSupport.framework/Versions/A/CrashReporterSupport
0x000000000a0dc000 	/System/Library/PrivateFrameworks/Sharing.framework/Versions/A/Sharing
0x000000000a0dc000 	/System/Library/PrivateFrameworks/IconServices.framework/Versions/A/IconServices
0x000000000a0dc000 	/System/Library/PrivateFrameworks/ProtocolBuffer.framework/Versions/A/ProtocolBuffer
0x000000000a0dc000 	/System/Library/PrivateFrameworks/Apple80211.framework/Versions/A/Apple80211
0x000000000a0dc000 	/System/Library/Frameworks/CoreWLAN.framework/Versions/A/CoreWLAN
0x000000000a0dc000 	/System/Library/PrivateFrameworks/CoreUtils.framework/Versions/A/CoreUtils
0x000000000a0dc000 	/System/Library/Frameworks/IOBluetooth.framework/Versions/A/IOBluetooth
0x000000000a0dc000 	/System/Library/PrivateFrameworks/CoreWiFi.framework/Versions/A/CoreWiFi
0x000000000a0dc000 	/System/Library/Frameworks/CoreBluetooth.framework/Versions/A/CoreBluetooth
0x000000000a0dc000 	/System/Library/Frameworks/CoreDisplay.framework/Versions/A/CoreDisplay
0x000000000a0dc000 	/System/Library/PrivateFrameworks/IOPresentment.framework/Versions/A/IOPresentment
0x000000000a0dc000 	/System/Library/PrivateFrameworks/DebugSymbols.framework/Versions/A/DebugSymbols
0x000000000a0dc000 	/System/Library/PrivateFrameworks/CoreSymbolication.framework/Versions/A/CoreSymbolication
0x000000000a0dc000 	/System/Library/PrivateFrameworks/Symbolication.framework/Versions/A/Symbolication
0x000000000a0dc000 	/System/Library/PrivateFrameworks/AppleFSCompression.framework/Versions/A/AppleFSCompression
0x000000000a0dc000 	/System/Library/PrivateFrameworks/SpeechRecognitionCore.framework/Versions/A/SpeechRecognitionCore
0x000000000a0dc000 	/System/Library/PrivateFrameworks/ChunkingLibrary.framework/Versions/A/ChunkingLibrary
0x0000000105fa8000 	/System/Library/CoreServices/Encodings/libSimplifiedChineseConverter.dylib
0x0000000107000000 	/Library/Java/JavaVirtualMachines/jdk1.8.0_60.jdk/Contents/Home/jre/lib/server/libjvm.dylib
0x000000000a0dc000 	/usr/lib/libstdc++.6.dylib
0x0000000105fec000 	/Library/Java/JavaVirtualMachines/jdk1.8.0_60.jdk/Contents/Home/jre/lib/libverify.dylib
0x0000000107f89000 	/Library/Java/JavaVirtualMachines/jdk1.8.0_60.jdk/Contents/Home/jre/lib/libjava.dylib
0x0000000107fc6000 	/Library/Java/JavaVirtualMachines/jdk1.8.0_60.jdk/Contents/Home/jre/lib/libzip.dylib
0x000000010c084000 	/System/Library/Frameworks/JavaVM.framework/Frameworks/JavaRuntimeSupport.framework/JavaRuntimeSupport
0x000000010c09e000 	/System/Library/Frameworks/JavaVM.framework/Versions/A/Frameworks/JavaNativeFoundation.framework/Versions/A/JavaNativeFoundation
0x000000010c0b3000 	/System/Library/Frameworks/JavaVM.framework/Versions/A/JavaVM
0x000000000a0dc000 	/System/Library/Frameworks/Carbon.framework/Versions/A/Carbon
0x000000010c0c0000 	/System/Library/PrivateFrameworks/JavaLaunching.framework/Versions/A/JavaLaunching
0x000000000a0dc000 	/System/Library/Frameworks/Carbon.framework/Versions/A/Frameworks/CommonPanels.framework/Versions/A/CommonPanels
0x000000000a0dc000 	/System/Library/Frameworks/Carbon.framework/Versions/A/Frameworks/Help.framework/Versions/A/Help
0x000000000a0dc000 	/System/Library/Frameworks/Carbon.framework/Versions/A/Frameworks/ImageCapture.framework/Versions/A/ImageCapture
0x000000000a0dc000 	/System/Library/Frameworks/Carbon.framework/Versions/A/Frameworks/OpenScripting.framework/Versions/A/OpenScripting
0x000000000a0dc000 	/System/Library/Frameworks/Carbon.framework/Versions/A/Frameworks/Print.framework/Versions/A/Print
0x000000000a0dc000 	/System/Library/Frameworks/Carbon.framework/Versions/A/Frameworks/SecurityHI.framework/Versions/A/SecurityHI
0x000000010d9d5000 	/Library/Java/JavaVirtualMachines/jdk1.8.0_60.jdk/Contents/Home/jre/lib/libawt.dylib
0x000000010da7d000 	/Library/Java/JavaVirtualMachines/jdk1.8.0_60.jdk/Contents/Home/jre/lib/./libmlib_image.dylib
0x0000000124bed000 	/Library/Java/JavaVirtualMachines/jdk1.8.0_60.jdk/Contents/Home/jre/lib/libawt_lwawt.dylib
0x0000000124ca2000 	/Library/Java/JavaVirtualMachines/jdk1.8.0_60.jdk/Contents/Home/jre/lib/./libosxapp.dylib
0x000000000a0dc000 	/System/Library/Frameworks/ExceptionHandling.framework/Versions/A/ExceptionHandling
0x000000000a0dc000 	/System/Library/PrivateFrameworks/CoreServicesInternal.framework/Versions/A/CoreServicesInternal
0x000000000a0dc000 	/System/Library/CoreServices/RawCamera.bundle/Contents/MacOS/RawCamera
0x000000000a0dc000 	/System/Library/Frameworks/Accelerate.framework/Versions/A/Frameworks/vImage.framework/Versions/A/Libraries/libCGInterfaces.dylib
0x000000000a0dc000 	/System/Library/Frameworks/ApplicationServices.framework/Versions/A/Frameworks/ATS.framework/Versions/A/Resources/libTrueTypeScaler.dylib
0x000000000a0dc000 	/System/Library/Frameworks/OpenGL.framework/Versions/A/Resources/GLEngine.bundle/GLEngine
0x000000000a0dc000 	/System/Library/Frameworks/OpenGL.framework/Versions/A/Libraries/libGLProgrammability.dylib
0x0000000126aca000 	/System/Library/Extensions/AppleIntelHD5000GraphicsGLDriver.bundle/Contents/MacOS/AppleIntelHD5000GraphicsGLDriver
0x000000000a0dc000 	/System/Library/PrivateFrameworks/GPUSupport.framework/Versions/A/Libraries/libGPUSupportMercury.dylib
0x000000000a0dc000 	/System/Library/Extensions/GeForceGLDriver.bundle/Contents/MacOS/GeForceGLDriver
0x000000000a0dc000 	/System/Library/Extensions/GeForceGLDriver.bundle/Contents/MacOS/libclh.dylib
0x000000000a0dc000 	/System/Library/Frameworks/OpenGL.framework/Versions/A/Resources/GLRendererFloat.bundle/GLRendererFloat
0x000000000a0dc000 	/System/Library/Frameworks/OpenCL.framework/Versions/A/Libraries/libcldcpuengine.dylib
0x000000000a0dc000 	/usr/lib/libcrypto.0.9.8.dylib
0x000000000a0dc000 	/System/Library/PrivateFrameworks/TrustEvaluationAgent.framework/Versions/A/TrustEvaluationAgent
0x000000000a0dc000 	/System/Library/Extensions/GeForceMTLDriver.bundle/Contents/MacOS/GeForceMTLDriver
0x000000012726c000 	/System/Library/Extensions/AppleIntelHD5000GraphicsMTLDriver.bundle/Contents/MacOS/AppleIntelHD5000GraphicsMTLDriver
0x000000000a0dc000 	/System/Library/PrivateFrameworks/FamilyControls.framework/Versions/A/FamilyControls
0x000000000a0dc000 	/System/Library/PrivateFrameworks/CommerceKit.framework/Versions/A/Frameworks/CommerceCore.framework/Versions/A/CommerceCore
0x000000000a0dc000 	/System/Library/PrivateFrameworks/SystemAdministration.framework/Versions/A/SystemAdministration
0x000000000a0dc000 	/System/Library/PrivateFrameworks/AppContainer.framework/Versions/A/AppContainer
0x000000000a0dc000 	/System/Library/PrivateFrameworks/SecCodeWrapper.framework/Versions/A/SecCodeWrapper
0x000000000a0dc000 	/System/Library/Frameworks/DirectoryService.framework/Versions/A/DirectoryService
0x000000000a0dc000 	/System/Library/PrivateFrameworks/DiskImages.framework/Versions/A/DiskImages
0x000000000a0dc000 	/System/Library/PrivateFrameworks/LoginUIKit.framework/Versions/A/Frameworks/LoginUICore.framework/Versions/A/LoginUICore
0x000000000a0dc000 	/usr/lib/libCoreStorage.dylib
0x000000000a0dc000 	/usr/lib/libcsfde.dylib
0x000000000a0dc000 	/usr/lib/libodfde.dylib
0x000000000a0dc000 	/System/Library/Frameworks/DiscRecording.framework/Versions/A/DiscRecording
0x000000000a0dc000 	/usr/lib/libcurl.4.dylib
0x000000000a0dc000 	/System/Library/PrivateFrameworks/MediaKit.framework/Versions/A/MediaKit
0x000000000a0dc000 	/System/Library/PrivateFrameworks/ProtectedCloudStorage.framework/Versions/A/ProtectedCloudStorage
0x000000000a0dc000 	/System/Library/PrivateFrameworks/EFILogin.framework/Versions/A/EFILogin
0x000000000a0dc000 	/usr/lib/libutil.dylib
0x000000000a0dc000 	/System/Library/Frameworks/LDAP.framework/Versions/A/LDAP
0x000000000a0dc000 	/usr/lib/libsasl2.2.dylib
0x000000000a0dc000 	/System/Library/PrivateFrameworks/CoreDaemon.framework/Versions/B/CoreDaemon
0x000000000a0dc000 	/System/Library/PrivateFrameworks/AppleSRP.framework/Versions/A/AppleSRP
0x000000000a0dc000 	/System/Library/PrivateFrameworks/APFS.framework/Versions/A/APFS
0x00000001285b9000 	/Library/Java/JavaVirtualMachines/jdk1.8.0_60.jdk/Contents/Home/jre/lib/libfontmanager.dylib
0x0000000128620000 	/Library/Java/JavaVirtualMachines/jdk1.8.0_60.jdk/Contents/Home/jre/lib/libsunec.dylib
0x00000001286dc000 	/Library/Java/JavaVirtualMachines/jdk1.8.0_60.jdk/Contents/Home/jre/lib/libnet.dylib
0x000000000a0dc000 	/System/Library/PrivateFrameworks/ViewBridge.framework/Versions/A/ViewBridge
0x000000000a0dc000 	/System/Library/PrivateFrameworks/XPCService.framework/Versions/A/XPCService
0x000000000a0dc000 	/System/Library/PrivateFrameworks/AppSandbox.framework/Versions/A/AppSandbox
0x000000000a0dc000 	/usr/lib/libsandbox.1.dylib
0x000000000a0dc000 	/usr/lib/libMatch.1.dylib
0x00000001289bd000 	/Library/Java/JavaVirtualMachines/jdk1.8.0_60.jdk/Contents/Home/jre/lib/libjpeg.dylib
0x0000000129417000 	/Library/Java/JavaVirtualMachines/jdk1.8.0_60.jdk/Contents/Home/jre/lib/libosxui.dylib
0x000000012cf45000 	/Library/Java/JavaVirtualMachines/jdk1.8.0_60.jdk/Contents/Home/jre/lib/libnio.dylib
0x00000001b9b08000 	/Library/Java/JavaVirtualMachines/jdk1.8.0_60.jdk/Contents/Home/jre/lib/libdcpr.dylib

VM Arguments:
jvm_args: -Dfile.encoding=UTF-8 
java_command: Main
java_class_path (initial): /Users/Yang-Deng/Documents/workspace/OSS/bin:/Users/Yang-Deng/Documents/workspace/GsonExample/gson-2.3.1.jar
Launcher Type: SUN_STANDARD

Environment Variables:
PATH=/usr/bin:/bin:/usr/sbin:/sbin
SHELL=/bin/bash
DISPLAY=/private/tmp/com.apple.launchd.uIHcbW8RFX/org.macosforge.xquartz:0

Signal Handlers:
SIGSEGV: [libjvm.dylib+0x5a6d31], sa_mask[0]=11111111011111110111111111111111, sa_flags=SA_ONSTACK|SA_RESTART|SA_SIGINFO
SIGBUS: [libjvm.dylib+0x5a6d31], sa_mask[0]=11111111011111110111111111111111, sa_flags=SA_RESTART|SA_SIGINFO
SIGFPE: [libjvm.dylib+0x480a4c], sa_mask[0]=11111111011111110111111111111111, sa_flags=SA_RESTART|SA_SIGINFO
SIGPIPE: [libjvm.dylib+0x480a4c], sa_mask[0]=11111111011111110111111111111111, sa_flags=SA_RESTART|SA_SIGINFO
SIGXFSZ: [libjvm.dylib+0x480a4c], sa_mask[0]=11111111011111110111111111111111, sa_flags=SA_RESTART|SA_SIGINFO
SIGILL: [libjvm.dylib+0x480a4c], sa_mask[0]=11111111011111110111111111111111, sa_flags=SA_RESTART|SA_SIGINFO
SIGUSR1: SIG_DFL, sa_mask[0]=00000000000000000000000000000000, sa_flags=none
SIGUSR2: [libjvm.dylib+0x48056a], sa_mask[0]=00100000000000000000000000000000, sa_flags=SA_RESTART|SA_SIGINFO
SIGHUP: [libjvm.dylib+0x47eb41], sa_mask[0]=11111111011111110111111111111111, sa_flags=SA_RESTART|SA_SIGINFO
SIGINT: [libjvm.dylib+0x47eb41], sa_mask[0]=11111111011111110111111111111111, sa_flags=SA_RESTART|SA_SIGINFO
SIGTERM: [libjvm.dylib+0x47eb41], sa_mask[0]=11111111011111110111111111111111, sa_flags=SA_RESTART|SA_SIGINFO
SIGQUIT: [libjvm.dylib+0x47eb41], sa_mask[0]=11111111011111110111111111111111, sa_flags=SA_RESTART|SA_SIGINFO


---------------  S Y S T E M  ---------------

OS:Bsduname:Darwin 16.1.0 Darwin Kernel Version 16.1.0: Tue Sep 20 21:22:56 PDT 2016; root:xnu-3789.20.49~106/RELEASE_X86_64 x86_64
rlimit: STACK 8192k, CORE 0k, NPROC 709, NOFILE 10240, AS infinity
load average:1.87 1.65 1.66

CPU:total 8 (4 cores per cpu, 2 threads per core) family 6 model 70 stepping 1, cmov, cx8, fxsr, mmx, sse, sse2, sse3, ssse3, sse4.1, sse4.2, popcnt, avx, avx2, aes, clmul, erms, rtm, lzcnt, ht, tsc, tscinvbit, bmi1, bmi2

Memory: 4k page, physical 16777216k(2384636k free)

/proc/meminfo:


vm_info: Java HotSpot(TM) 64-Bit Server VM (25.60-b23) for bsd-amd64 JRE (1.8.0_60-b27), built on Aug  4 2015 10:47:24 by "java_re" with gcc 4.2.1 (Based on Apple Inc. build 5658) (LLVM build 2336.11.00)

time: Thu Sep 29 23:26:10 2016
elapsed time: 25 seconds (0d 0h 0m 25s)

